 * Running on http://localhost:5000
2025-02-06 20:10:43,279 - werkzeug - INFO - [33mPress CTRL+C to quit[0m
2025-02-06 20:10:43,281 - werkzeug - INFO -  * Restarting with stat
2025-02-06 20:10:46,320 - sql_injection_middleware - INFO - æ­£åœ¨è¿æ¥RedisæœåŠ¡å™¨...
2025-02-06 20:10:46,321 - sql_injection_middleware - INFO - æ­£åœ¨æµ‹è¯•Redisè¿æ¥...
2025-02-06 20:10:48,362 - sql_injection_middleware - INFO - Redisè¿æ¥æµ‹è¯•ç»“æœ: True
2025-02-06 20:10:48,362 - sql_injection_middleware - INFO - æ­£åœ¨åˆå§‹åŒ–å¸ƒéš†è¿‡æ»¤å™¨...
2025-02-06 20:10:48,363 - sql_injection_middleware.bloom_filter - INFO - æ­£åœ¨è¿æ¥RedisæœåŠ¡å™¨...
2025-02-06 20:10:48,363 - sql_injection_middleware.bloom_filter - INFO - æ­£åœ¨æµ‹è¯•Redisè¿æ¥...
2025-02-06 20:10:50,411 - sql_injection_middleware.bloom_filter - INFO - Redisè¿æ¥æµ‹è¯•ç»“æœ: True
2025-02-06 20:10:50,427 - sql_injection_middleware.bloom_filter - INFO - å¸ƒéš†è¿‡æ»¤å™¨åˆå§‹åŒ–å®Œæˆ
2025-02-06 20:10:50,427 - sql_injection_middleware - INFO - å¸ƒéš†è¿‡æ»¤å™¨åˆå§‹åŒ–æˆåŠŸ
2025-02-06 20:10:50,427 - sql_injection_middleware - INFO - æ­£åœ¨åˆå§‹åŒ–MLæ£€æµ‹å™¨...
2025-02-06 20:10:50,427 - sql_injection_middleware.ml_detector - INFO - æ­£åœ¨åŠ è½½random_forestæ¨¡å‹: D:\Source\WBSID\models\random_forest_model.joblib
2025-02-06 20:10:50,540 - sql_injection_middleware.ml_detector - INFO - æ¨¡å‹åŠ è½½æˆåŠŸ
2025-02-06 20:10:50,542 - sql_injection_middleware.ml_detector - INFO - ç‰¹å¾æå–å™¨ statistical åˆå§‹åŒ–æˆåŠŸ
2025-02-06 20:10:50,542 - sql_injection_middleware.ml_detector - INFO - ç‰¹å¾æå–å™¨ sql_semantic åˆå§‹åŒ–æˆåŠŸ
2025-02-06 20:10:50,542 - sql_injection_middleware - INFO - MLæ£€æµ‹å™¨åˆå§‹åŒ–æˆåŠŸ
2025-02-06 20:10:50,543 - sql_injection_middleware - INFO - SQLæ³¨å…¥é˜²å¾¡ä¸­é—´ä»¶å·²åˆå§‹åŒ–
2025-02-06 20:10:50,543 - sql_injection_middleware - INFO - SQLæ³¨å…¥é˜²æŠ¤ä¸­é—´ä»¶åˆå§‹åŒ–å®Œæˆ
2025-02-06 20:10:50,543 - sql_injection_middleware - INFO - å¯åŠ¨æœåŠ¡å™¨...
2025-02-06 20:11:20,907 - werkzeug - INFO -  * Detected change in 'D:\\Source\\WBSID\\src\\sql_injection_middleware\\config.py', reloading
2025-02-06 20:11:21,327 - werkzeug - INFO -  * Restarting with stat
2025-02-06 20:11:24,491 - sql_injection_middleware - INFO - æ­£åœ¨è¿æ¥RedisæœåŠ¡å™¨...
2025-02-06 20:11:24,492 - sql_injection_middleware - INFO - æ­£åœ¨æµ‹è¯•Redisè¿æ¥...
2025-02-06 20:11:36,759 - sql_injection_middleware - INFO - æ­£åœ¨è¿æ¥RedisæœåŠ¡å™¨...
2025-02-06 20:11:36,759 - sql_injection_middleware - INFO - æ­£åœ¨æµ‹è¯•Redisè¿æ¥...
2025-02-06 20:11:38,789 - sql_injection_middleware - INFO - Redisè¿æ¥æµ‹è¯•ç»“æœ: True
2025-02-06 20:11:38,789 - sql_injection_middleware - INFO - æ­£åœ¨åˆå§‹åŒ–å¸ƒéš†è¿‡æ»¤å™¨...
2025-02-06 20:11:38,790 - sql_injection_middleware.bloom_filter - INFO - æ­£åœ¨è¿æ¥RedisæœåŠ¡å™¨...
2025-02-06 20:11:38,790 - sql_injection_middleware.bloom_filter - INFO - æ­£åœ¨æµ‹è¯•Redisè¿æ¥...
2025-02-06 20:11:40,827 - sql_injection_middleware.bloom_filter - INFO - Redisè¿æ¥æµ‹è¯•ç»“æœ: True
2025-02-06 20:11:40,843 - sql_injection_middleware.bloom_filter - INFO - å¸ƒéš†è¿‡æ»¤å™¨åˆå§‹åŒ–å®Œæˆ
2025-02-06 20:11:40,844 - sql_injection_middleware - INFO - å¸ƒéš†è¿‡æ»¤å™¨åˆå§‹åŒ–æˆåŠŸ
2025-02-06 20:11:40,844 - sql_injection_middleware - INFO - æ­£åœ¨åˆå§‹åŒ–MLæ£€æµ‹å™¨...
2025-02-06 20:11:40,844 - sql_injection_middleware.ml_detector - INFO - æ­£åœ¨åŠ è½½random_forestæ¨¡å‹: D:\Source\WBSID\models\random_forest_model.joblib
2025-02-06 20:11:40,947 - sql_injection_middleware.ml_detector - INFO - æ¨¡å‹åŠ è½½æˆåŠŸ
2025-02-06 20:11:40,948 - sql_injection_middleware.ml_detector - INFO - ç‰¹å¾æå–å™¨ statistical åˆå§‹åŒ–æˆåŠŸ
2025-02-06 20:11:40,948 - sql_injection_middleware.ml_detector - INFO - ç‰¹å¾æå–å™¨ sql_semantic åˆå§‹åŒ–æˆåŠŸ
2025-02-06 20:11:40,948 - sql_injection_middleware - INFO - MLæ£€æµ‹å™¨åˆå§‹åŒ–æˆåŠŸ
2025-02-06 20:11:40,948 - sql_injection_middleware - INFO - SQLæ³¨å…¥é˜²å¾¡ä¸­é—´ä»¶å·²åˆå§‹åŒ–
2025-02-06 20:11:40,948 - sql_injection_middleware - INFO - SQLæ³¨å…¥é˜²æŠ¤ä¸­é—´ä»¶åˆå§‹åŒ–å®Œæˆ
2025-02-06 20:11:40,948 - sql_injection_middleware - INFO - å¯åŠ¨æœåŠ¡å™¨...
2025-02-06 20:11:40,951 - werkzeug - INFO - [31m[1mWARNING: This is a development server. Do not use it in a production deployment. Use a production WSGI server instead.[0m
 * Running on http://localhost:5000
2025-02-06 20:11:40,952 - werkzeug - INFO - [33mPress CTRL+C to quit[0m
2025-02-06 20:11:40,953 - werkzeug - INFO -  * Restarting with stat
2025-02-06 20:11:43,887 - sql_injection_middleware - INFO - æ­£åœ¨è¿æ¥RedisæœåŠ¡å™¨...
2025-02-06 20:11:43,887 - sql_injection_middleware - INFO - æ­£åœ¨æµ‹è¯•Redisè¿æ¥...
2025-02-06 20:11:45,924 - sql_injection_middleware - INFO - Redisè¿æ¥æµ‹è¯•ç»“æœ: True
2025-02-06 20:11:45,924 - sql_injection_middleware - INFO - æ­£åœ¨åˆå§‹åŒ–å¸ƒéš†è¿‡æ»¤å™¨...
2025-02-06 20:11:45,926 - sql_injection_middleware.bloom_filter - INFO - æ­£åœ¨è¿æ¥RedisæœåŠ¡å™¨...
2025-02-06 20:11:45,927 - sql_injection_middleware.bloom_filter - INFO - æ­£åœ¨æµ‹è¯•Redisè¿æ¥...
2025-02-06 20:11:47,968 - sql_injection_middleware.bloom_filter - INFO - Redisè¿æ¥æµ‹è¯•ç»“æœ: True
2025-02-06 20:11:47,990 - sql_injection_middleware.bloom_filter - INFO - å¸ƒéš†è¿‡æ»¤å™¨åˆå§‹åŒ–å®Œæˆ
2025-02-06 20:11:47,990 - sql_injection_middleware - INFO - å¸ƒéš†è¿‡æ»¤å™¨åˆå§‹åŒ–æˆåŠŸ
2025-02-06 20:11:47,990 - sql_injection_middleware - INFO - æ­£åœ¨åˆå§‹åŒ–MLæ£€æµ‹å™¨...
2025-02-06 20:11:47,991 - sql_injection_middleware.ml_detector - INFO - æ­£åœ¨åŠ è½½random_forestæ¨¡å‹: D:\Source\WBSID\models\random_forest_model.joblib
2025-02-06 20:11:48,093 - sql_injection_middleware.ml_detector - INFO - æ¨¡å‹åŠ è½½æˆåŠŸ
2025-02-06 20:11:48,095 - sql_injection_middleware.ml_detector - INFO - ç‰¹å¾æå–å™¨ statistical åˆå§‹åŒ–æˆåŠŸ
2025-02-06 20:11:48,095 - sql_injection_middleware.ml_detector - INFO - ç‰¹å¾æå–å™¨ sql_semantic åˆå§‹åŒ–æˆåŠŸ
2025-02-06 20:11:48,095 - sql_injection_middleware - INFO - MLæ£€æµ‹å™¨åˆå§‹åŒ–æˆåŠŸ
2025-02-06 20:11:48,095 - sql_injection_middleware - INFO - SQLæ³¨å…¥é˜²å¾¡ä¸­é—´ä»¶å·²åˆå§‹åŒ–
2025-02-06 20:11:48,095 - sql_injection_middleware - INFO - SQLæ³¨å…¥é˜²æŠ¤ä¸­é—´ä»¶åˆå§‹åŒ–å®Œæˆ
2025-02-06 20:11:48,096 - sql_injection_middleware - INFO - å¯åŠ¨æœåŠ¡å™¨...
2025-02-06 20:37:18,421 - sql_injection_middleware - INFO - æ­£åœ¨è¿æ¥RedisæœåŠ¡å™¨...
2025-02-06 20:37:18,421 - sql_injection_middleware - INFO - æ­£åœ¨æµ‹è¯•Redisè¿æ¥...
2025-02-06 20:37:20,470 - sql_injection_middleware - INFO - Redisè¿æ¥æµ‹è¯•ç»“æœ: True
2025-02-06 20:37:20,471 - sql_injection_middleware - INFO - æ­£åœ¨åˆå§‹åŒ–å¸ƒéš†è¿‡æ»¤å™¨...
2025-02-06 20:37:20,471 - sql_injection_middleware.bloom_filter - INFO - æ­£åœ¨è¿æ¥RedisæœåŠ¡å™¨...
2025-02-06 20:37:20,471 - sql_injection_middleware.bloom_filter - INFO - æ­£åœ¨æµ‹è¯•Redisè¿æ¥...
2025-02-06 20:37:22,501 - sql_injection_middleware.bloom_filter - INFO - Redisè¿æ¥æµ‹è¯•ç»“æœ: True
2025-02-06 20:37:22,518 - sql_injection_middleware.bloom_filter - INFO - å¸ƒéš†è¿‡æ»¤å™¨åˆå§‹åŒ–å®Œæˆ
2025-02-06 20:37:22,518 - sql_injection_middleware - INFO - å¸ƒéš†è¿‡æ»¤å™¨åˆå§‹åŒ–æˆåŠŸ
2025-02-06 20:37:22,518 - sql_injection_middleware - INFO - æ­£åœ¨åˆå§‹åŒ–MLæ£€æµ‹å™¨...
2025-02-06 20:37:22,519 - sql_injection_middleware.ml_detector - INFO - æ­£åœ¨åŠ è½½random_forestæ¨¡å‹: D:\Source\WBSID\models\random_forest_model.joblib
2025-02-06 20:37:22,627 - sql_injection_middleware.ml_detector - INFO - æ¨¡å‹åŠ è½½æˆåŠŸ
2025-02-06 20:37:22,627 - sql_injection_middleware.ml_detector - INFO - ç‰¹å¾æå–å™¨ statistical åˆå§‹åŒ–æˆåŠŸ
2025-02-06 20:37:22,628 - sql_injection_middleware.ml_detector - INFO - ç‰¹å¾æå–å™¨ sql_semantic åˆå§‹åŒ–æˆåŠŸ
2025-02-06 20:37:22,628 - sql_injection_middleware - INFO - MLæ£€æµ‹å™¨åˆå§‹åŒ–æˆåŠŸ
2025-02-06 20:37:22,628 - sql_injection_middleware - INFO - SQLæ³¨å…¥é˜²å¾¡ä¸­é—´ä»¶å·²åˆå§‹åŒ–
2025-02-06 20:37:22,628 - sql_injection_middleware - INFO - SQLæ³¨å…¥é˜²æŠ¤ä¸­é—´ä»¶åˆå§‹åŒ–å®Œæˆ
2025-02-06 20:37:22,628 - sql_injection_middleware - INFO - å¯åŠ¨æœåŠ¡å™¨...
2025-02-06 20:37:22,632 - werkzeug - INFO - [31m[1mWARNING: This is a development server. Do not use it in a production deployment. Use a production WSGI server instead.[0m
 * Running on http://localhost:5000
2025-02-06 20:37:22,632 - werkzeug - INFO - [33mPress CTRL+C to quit[0m
2025-02-06 20:37:22,633 - werkzeug - INFO -  * Restarting with stat
2025-02-06 20:37:25,626 - sql_injection_middleware - INFO - æ­£åœ¨è¿æ¥RedisæœåŠ¡å™¨...
2025-02-06 20:37:25,626 - sql_injection_middleware - INFO - æ­£åœ¨æµ‹è¯•Redisè¿æ¥...
2025-02-06 20:37:27,667 - sql_injection_middleware - INFO - Redisè¿æ¥æµ‹è¯•ç»“æœ: True
2025-02-06 20:37:27,667 - sql_injection_middleware - INFO - æ­£åœ¨åˆå§‹åŒ–å¸ƒéš†è¿‡æ»¤å™¨...
2025-02-06 20:37:27,668 - sql_injection_middleware.bloom_filter - INFO - æ­£åœ¨è¿æ¥RedisæœåŠ¡å™¨...
2025-02-06 20:37:27,669 - sql_injection_middleware.bloom_filter - INFO - æ­£åœ¨æµ‹è¯•Redisè¿æ¥...
2025-02-06 20:37:29,721 - sql_injection_middleware.bloom_filter - INFO - Redisè¿æ¥æµ‹è¯•ç»“æœ: True
2025-02-06 20:37:29,745 - sql_injection_middleware.bloom_filter - INFO - å¸ƒéš†è¿‡æ»¤å™¨åˆå§‹åŒ–å®Œæˆ
2025-02-06 20:37:29,745 - sql_injection_middleware - INFO - å¸ƒéš†è¿‡æ»¤å™¨åˆå§‹åŒ–æˆåŠŸ
2025-02-06 20:37:29,745 - sql_injection_middleware - INFO - æ­£åœ¨åˆå§‹åŒ–MLæ£€æµ‹å™¨...
2025-02-06 20:37:29,746 - sql_injection_middleware.ml_detector - INFO - æ­£åœ¨åŠ è½½random_forestæ¨¡å‹: D:\Source\WBSID\models\random_forest_model.joblib
2025-02-06 20:37:29,854 - sql_injection_middleware.ml_detector - INFO - æ¨¡å‹åŠ è½½æˆåŠŸ
2025-02-06 20:37:29,855 - sql_injection_middleware.ml_detector - INFO - ç‰¹å¾æå–å™¨ statistical åˆå§‹åŒ–æˆåŠŸ
2025-02-06 20:37:29,856 - sql_injection_middleware.ml_detector - INFO - ç‰¹å¾æå–å™¨ sql_semantic åˆå§‹åŒ–æˆåŠŸ
2025-02-06 20:37:29,856 - sql_injection_middleware - INFO - MLæ£€æµ‹å™¨åˆå§‹åŒ–æˆåŠŸ
2025-02-06 20:37:29,856 - sql_injection_middleware - INFO - SQLæ³¨å…¥é˜²å¾¡ä¸­é—´ä»¶å·²åˆå§‹åŒ–
2025-02-06 20:37:29,856 - sql_injection_middleware - INFO - SQLæ³¨å…¥é˜²æŠ¤ä¸­é—´ä»¶åˆå§‹åŒ–å®Œæˆ
2025-02-06 20:37:29,856 - sql_injection_middleware - INFO - å¯åŠ¨æœåŠ¡å™¨...
2025-02-06 20:38:24,006 - sql_injection_middleware - INFO - æ”¶åˆ°æ–°è¯·æ±‚ - æ–¹æ³•: GET, URL: http://localhost:5000/products/unsafe-search/'%20OR%20'1'='1
2025-02-06 20:38:24,006 - sql_injection_middleware - INFO - å¼€å§‹æ£€æŸ¥SQLæ³¨å…¥ - è¯·æ±‚æ–¹æ³•: GET, URL: http://localhost:5000/products/unsafe-search/'%20OR%20'1'='1
2025-02-06 20:38:24,007 - sql_injection_middleware - INFO - å¼€å§‹é¢„å¤„ç†å‚æ•°
2025-02-06 20:38:24,009 - sql_injection_middleware - INFO - å¸ƒéš†è¿‡æ»¤å™¨æ£€æµ‹åˆ°å¯ç–‘å‚æ•°ï¼Œä½¿ç”¨MLæ¨¡å‹è¿›è¡Œç²¾ç¡®æ£€æµ‹: /products/unsafe-search/' OR '1'='1
2025-02-06 20:38:24,126 - sql_injection_middleware.ml_detector - ERROR - ç‰¹å¾æå–å¤±è´¥: SQLSemanticExtractor must be fitted before transform
2025-02-06 20:38:24,126 - sql_injection_middleware.ml_detector - ERROR - SQLæ³¨å…¥æ£€æµ‹å¤±è´¥: SQLSemanticExtractor must be fitted before transform
2025-02-06 20:38:24,127 - werkzeug - INFO - 127.0.0.1 - - [06/Feb/2025 20:38:24] "[35m[1mGET /products/unsafe-search/'%20OR%20'1'='1 HTTP/1.1[0m" 500 -
2025-02-06 20:38:24,150 - werkzeug - ERROR - Error on request:
Traceback (most recent call last):
  File "D:\Anaconda\Lib\site-packages\werkzeug\serving.py", line 364, in run_wsgi
    execute(self.server.app)
  File "D:\Anaconda\Lib\site-packages\werkzeug\serving.py", line 325, in execute
    application_iter = app(environ, start_response)
                       ^^^^^^^^^^^^^^^^^^^^^^^^^^^^
  File "D:\Source\WBSID\src\sql_injection_middleware\sql_injection_middleware.py", line 129, in __call__
    is_injection = self._check_sql_injection(request)
                   ^^^^^^^^^^^^^^^^^^^^^^^^^^^^^^^^^^
  File "D:\Source\WBSID\src\sql_injection_middleware\sql_injection_middleware.py", line 305, in _check_sql_injection
    is_injection, confidence = self.ml_detector.detect(param)
                               ^^^^^^^^^^^^^^^^^^^^^^^^^^^^^^
  File "D:\Source\WBSID\src\sql_injection_middleware\ml_detector.py", line 185, in detect
    features = self.extract_features(query)
               ^^^^^^^^^^^^^^^^^^^^^^^^^^^^
  File "D:\Source\WBSID\src\sql_injection_middleware\ml_detector.py", line 139, in extract_features
    features = extractor.transform([query])
               ^^^^^^^^^^^^^^^^^^^^^^^^^^^^
  File "D:\Source\WBSID\src\ml\feature_extractors\sql_semantic.py", line 139, in transform
    raise ValueError("SQLSemanticExtractor must be fitted before transform")
ValueError: SQLSemanticExtractor must be fitted before transform
2025-02-06 20:41:11,384 - werkzeug - INFO -  * Detected change in 'D:\\Source\\WBSID\\src\\sql_injection_middleware\\ml_detector.py', reloading
2025-02-06 20:41:11,865 - werkzeug - INFO -  * Restarting with stat
2025-02-06 20:41:14,900 - sql_injection_middleware - INFO - æ­£åœ¨è¿æ¥RedisæœåŠ¡å™¨...
2025-02-06 20:41:14,901 - sql_injection_middleware - INFO - æ­£åœ¨æµ‹è¯•Redisè¿æ¥...
2025-02-06 20:41:16,955 - sql_injection_middleware - INFO - Redisè¿æ¥æµ‹è¯•ç»“æœ: True
2025-02-06 20:41:16,955 - sql_injection_middleware - INFO - æ­£åœ¨åˆå§‹åŒ–å¸ƒéš†è¿‡æ»¤å™¨...
2025-02-06 20:41:16,959 - sql_injection_middleware.bloom_filter - INFO - æ­£åœ¨è¿æ¥RedisæœåŠ¡å™¨...
2025-02-06 20:41:16,961 - sql_injection_middleware.bloom_filter - INFO - æ­£åœ¨æµ‹è¯•Redisè¿æ¥...
2025-02-06 20:41:19,004 - sql_injection_middleware.bloom_filter - INFO - Redisè¿æ¥æµ‹è¯•ç»“æœ: True
2025-02-06 20:41:19,024 - sql_injection_middleware.bloom_filter - INFO - å¸ƒéš†è¿‡æ»¤å™¨åˆå§‹åŒ–å®Œæˆ
2025-02-06 20:41:19,025 - sql_injection_middleware - INFO - å¸ƒéš†è¿‡æ»¤å™¨åˆå§‹åŒ–æˆåŠŸ
2025-02-06 20:41:19,025 - sql_injection_middleware - INFO - æ­£åœ¨åˆå§‹åŒ–MLæ£€æµ‹å™¨...
2025-02-06 20:41:19,025 - sql_injection_middleware.ml_detector - INFO - æ­£åœ¨åŠ è½½random_forestæ¨¡å‹: D:\Source\WBSID\models\random_forest_model.joblib
2025-02-06 20:41:19,135 - sql_injection_middleware.ml_detector - INFO - æ¨¡å‹åŠ è½½æˆåŠŸ
2025-02-06 20:41:19,141 - sql_injection_middleware.ml_detector - INFO - ç‰¹å¾æå–å™¨ statistical åˆå§‹åŒ–æˆåŠŸ
2025-02-06 20:41:19,142 - sql_injection_middleware.ml_detector - INFO - ç‰¹å¾æå–å™¨ sql_semantic åˆå§‹åŒ–æˆåŠŸ
2025-02-06 20:41:19,143 - sql_injection_middleware - INFO - MLæ£€æµ‹å™¨åˆå§‹åŒ–æˆåŠŸ
2025-02-06 20:41:19,144 - sql_injection_middleware - INFO - SQLæ³¨å…¥é˜²å¾¡ä¸­é—´ä»¶å·²åˆå§‹åŒ–
2025-02-06 20:41:19,148 - sql_injection_middleware - INFO - SQLæ³¨å…¥é˜²æŠ¤ä¸­é—´ä»¶åˆå§‹åŒ–å®Œæˆ
2025-02-06 20:41:19,148 - sql_injection_middleware - INFO - å¯åŠ¨æœåŠ¡å™¨...
2025-02-06 20:42:07,771 - sql_injection_middleware - INFO - æ­£åœ¨è¿æ¥RedisæœåŠ¡å™¨...
2025-02-06 20:42:07,771 - sql_injection_middleware - INFO - æ­£åœ¨æµ‹è¯•Redisè¿æ¥...
2025-02-06 20:42:09,825 - sql_injection_middleware - INFO - Redisè¿æ¥æµ‹è¯•ç»“æœ: True
2025-02-06 20:42:09,825 - sql_injection_middleware - INFO - æ­£åœ¨åˆå§‹åŒ–å¸ƒéš†è¿‡æ»¤å™¨...
2025-02-06 20:42:09,826 - sql_injection_middleware.bloom_filter - INFO - æ­£åœ¨è¿æ¥RedisæœåŠ¡å™¨...
2025-02-06 20:42:09,826 - sql_injection_middleware.bloom_filter - INFO - æ­£åœ¨æµ‹è¯•Redisè¿æ¥...
2025-02-06 20:42:11,872 - sql_injection_middleware.bloom_filter - INFO - Redisè¿æ¥æµ‹è¯•ç»“æœ: True
2025-02-06 20:42:11,891 - sql_injection_middleware.bloom_filter - INFO - å¸ƒéš†è¿‡æ»¤å™¨åˆå§‹åŒ–å®Œæˆ
2025-02-06 20:42:11,891 - sql_injection_middleware - INFO - å¸ƒéš†è¿‡æ»¤å™¨åˆå§‹åŒ–æˆåŠŸ
2025-02-06 20:42:11,891 - sql_injection_middleware - INFO - æ­£åœ¨åˆå§‹åŒ–MLæ£€æµ‹å™¨...
2025-02-06 20:42:11,891 - sql_injection_middleware.ml_detector - INFO - æ­£åœ¨åŠ è½½random_forestæ¨¡å‹: D:\Source\WBSID\models\random_forest_model.joblib
2025-02-06 20:42:11,995 - sql_injection_middleware.ml_detector - INFO - æ¨¡å‹åŠ è½½æˆåŠŸ
2025-02-06 20:42:11,995 - sql_injection_middleware.ml_detector - INFO - ç‰¹å¾æå–å™¨ statistical åˆå§‹åŒ–æˆåŠŸ
2025-02-06 20:42:11,995 - sql_injection_middleware.ml_detector - INFO - ç‰¹å¾æå–å™¨ sql_semantic åˆå§‹åŒ–æˆåŠŸ
2025-02-06 20:42:11,996 - sql_injection_middleware - INFO - MLæ£€æµ‹å™¨åˆå§‹åŒ–æˆåŠŸ
2025-02-06 20:42:11,996 - sql_injection_middleware - INFO - SQLæ³¨å…¥é˜²å¾¡ä¸­é—´ä»¶å·²åˆå§‹åŒ–
2025-02-06 20:42:11,996 - sql_injection_middleware - INFO - SQLæ³¨å…¥é˜²æŠ¤ä¸­é—´ä»¶åˆå§‹åŒ–å®Œæˆ
2025-02-06 20:42:11,996 - sql_injection_middleware - INFO - å¯åŠ¨æœåŠ¡å™¨...
2025-02-06 20:42:12,000 - werkzeug - INFO - [31m[1mWARNING: This is a development server. Do not use it in a production deployment. Use a production WSGI server instead.[0m
 * Running on http://localhost:5000
2025-02-06 20:42:12,000 - werkzeug - INFO - [33mPress CTRL+C to quit[0m
2025-02-06 20:42:12,001 - werkzeug - INFO -  * Restarting with stat
2025-02-06 20:42:14,971 - sql_injection_middleware - INFO - æ­£åœ¨è¿æ¥RedisæœåŠ¡å™¨...
2025-02-06 20:42:14,971 - sql_injection_middleware - INFO - æ­£åœ¨æµ‹è¯•Redisè¿æ¥...
2025-02-06 20:42:17,025 - sql_injection_middleware - INFO - Redisè¿æ¥æµ‹è¯•ç»“æœ: True
2025-02-06 20:42:17,025 - sql_injection_middleware - INFO - æ­£åœ¨åˆå§‹åŒ–å¸ƒéš†è¿‡æ»¤å™¨...
2025-02-06 20:42:17,027 - sql_injection_middleware.bloom_filter - INFO - æ­£åœ¨è¿æ¥RedisæœåŠ¡å™¨...
2025-02-06 20:42:17,027 - sql_injection_middleware.bloom_filter - INFO - æ­£åœ¨æµ‹è¯•Redisè¿æ¥...
2025-02-06 20:42:19,067 - sql_injection_middleware.bloom_filter - INFO - Redisè¿æ¥æµ‹è¯•ç»“æœ: True
2025-02-06 20:42:19,078 - sql_injection_middleware.bloom_filter - INFO - å¸ƒéš†è¿‡æ»¤å™¨åˆå§‹åŒ–å®Œæˆ
2025-02-06 20:42:19,078 - sql_injection_middleware - INFO - å¸ƒéš†è¿‡æ»¤å™¨åˆå§‹åŒ–æˆåŠŸ
2025-02-06 20:42:19,080 - sql_injection_middleware - INFO - æ­£åœ¨åˆå§‹åŒ–MLæ£€æµ‹å™¨...
2025-02-06 20:42:19,081 - sql_injection_middleware.ml_detector - INFO - æ­£åœ¨åŠ è½½random_forestæ¨¡å‹: D:\Source\WBSID\models\random_forest_model.joblib
2025-02-06 20:42:19,186 - sql_injection_middleware.ml_detector - INFO - æ¨¡å‹åŠ è½½æˆåŠŸ
2025-02-06 20:42:19,188 - sql_injection_middleware.ml_detector - INFO - ç‰¹å¾æå–å™¨ statistical åˆå§‹åŒ–æˆåŠŸ
2025-02-06 20:42:19,188 - sql_injection_middleware.ml_detector - INFO - ç‰¹å¾æå–å™¨ sql_semantic åˆå§‹åŒ–æˆåŠŸ
2025-02-06 20:42:19,188 - sql_injection_middleware - INFO - MLæ£€æµ‹å™¨åˆå§‹åŒ–æˆåŠŸ
2025-02-06 20:42:19,188 - sql_injection_middleware - INFO - SQLæ³¨å…¥é˜²å¾¡ä¸­é—´ä»¶å·²åˆå§‹åŒ–
2025-02-06 20:42:19,188 - sql_injection_middleware - INFO - SQLæ³¨å…¥é˜²æŠ¤ä¸­é—´ä»¶åˆå§‹åŒ–å®Œæˆ
2025-02-06 20:42:19,188 - sql_injection_middleware - INFO - å¯åŠ¨æœåŠ¡å™¨...
2025-02-06 20:42:27,312 - sql_injection_middleware - INFO - æ”¶åˆ°æ–°è¯·æ±‚ - æ–¹æ³•: GET, URL: http://localhost:5000/products/unsafe-search/'%20OR%20'1'='1
2025-02-06 20:42:27,312 - sql_injection_middleware - INFO - å¼€å§‹æ£€æŸ¥SQLæ³¨å…¥ - è¯·æ±‚æ–¹æ³•: GET, URL: http://localhost:5000/products/unsafe-search/'%20OR%20'1'='1
2025-02-06 20:42:27,315 - sql_injection_middleware - INFO - å¼€å§‹é¢„å¤„ç†å‚æ•°
2025-02-06 20:42:27,320 - sql_injection_middleware - INFO - å¸ƒéš†è¿‡æ»¤å™¨æ£€æµ‹åˆ°å¯ç–‘å‚æ•°ï¼Œä½¿ç”¨MLæ¨¡å‹è¿›è¡Œç²¾ç¡®æ£€æµ‹: /products/unsafe-search/' OR '1'='1
2025-02-06 20:42:27,382 - sql_injection_middleware.ml_detector - INFO - SQLæ³¨å…¥æ£€æµ‹ç»“æœ: æ˜¯å¦æ³¨å…¥=True, ç½®ä¿¡åº¦=0.6100
2025-02-06 20:42:27,383 - sql_injection_middleware - INFO - MLæ¨¡å‹æ£€æµ‹ç»“æœ - æ˜¯å¦SQLæ³¨å…¥: True, ç½®ä¿¡åº¦: 0.61, å‚æ•°: /products/unsafe-search/' OR '1'='1
2025-02-06 20:42:27,385 - sql_injection_middleware - WARNING - æ£€æµ‹åˆ°SQLæ³¨å…¥æ”»å‡», å‚æ•°: /products/unsafe-search/' OR '1'='1, ç½®ä¿¡åº¦: 0.61
2025-02-06 20:42:27,387 - sql_injection_middleware - WARNING - æ£€æµ‹åˆ°SQLæ³¨å…¥æ”»å‡»: http://localhost:5000/products/unsafe-search/'%20OR%20'1'='1, æ£€æµ‹è€—æ—¶: 0.074ç§’
2025-02-06 20:42:27,388 - werkzeug - INFO - 127.0.0.1 - - [06/Feb/2025 20:42:27] "[31m[1mGET /products/unsafe-search/'%20OR%20'1'='1 HTTP/1.1[0m" 403 -
2025-02-06 20:42:49,653 - sql_injection_middleware - INFO - æ”¶åˆ°æ–°è¯·æ±‚ - æ–¹æ³•: GET, URL: http://localhost:5000/products/search/'%20OR%20'1'='1
2025-02-06 20:42:49,653 - sql_injection_middleware - INFO - å¼€å§‹æ£€æŸ¥SQLæ³¨å…¥ - è¯·æ±‚æ–¹æ³•: GET, URL: http://localhost:5000/products/search/'%20OR%20'1'='1
2025-02-06 20:42:49,655 - sql_injection_middleware - INFO - å¼€å§‹é¢„å¤„ç†å‚æ•°
2025-02-06 20:42:49,661 - sql_injection_middleware - INFO - å¸ƒéš†è¿‡æ»¤å™¨æ£€æµ‹åˆ°å¯ç–‘å‚æ•°ï¼Œä½¿ç”¨MLæ¨¡å‹è¿›è¡Œç²¾ç¡®æ£€æµ‹: /products/search/' OR '1'='1
2025-02-06 20:42:49,714 - sql_injection_middleware.ml_detector - INFO - SQLæ³¨å…¥æ£€æµ‹ç»“æœ: æ˜¯å¦æ³¨å…¥=True, ç½®ä¿¡åº¦=0.6000
2025-02-06 20:42:49,714 - sql_injection_middleware - INFO - MLæ¨¡å‹æ£€æµ‹ç»“æœ - æ˜¯å¦SQLæ³¨å…¥: True, ç½®ä¿¡åº¦: 0.6, å‚æ•°: /products/search/' OR '1'='1
2025-02-06 20:42:49,716 - sql_injection_middleware - WARNING - æ£€æµ‹åˆ°SQLæ³¨å…¥æ”»å‡», å‚æ•°: /products/search/' OR '1'='1, ç½®ä¿¡åº¦: 0.6
2025-02-06 20:42:49,719 - sql_injection_middleware - WARNING - æ£€æµ‹åˆ°SQLæ³¨å…¥æ”»å‡»: http://localhost:5000/products/search/'%20OR%20'1'='1, æ£€æµ‹è€—æ—¶: 0.066ç§’
2025-02-06 20:42:49,720 - werkzeug - INFO - 127.0.0.1 - - [06/Feb/2025 20:42:49] "[31m[1mGET /products/search/'%20OR%20'1'='1 HTTP/1.1[0m" 403 -
2025-02-06 20:42:56,960 - sql_injection_middleware - INFO - æ”¶åˆ°æ–°è¯·æ±‚ - æ–¹æ³•: GET, URL: http://localhost:5000/products/1
2025-02-06 20:42:56,961 - sql_injection_middleware - INFO - å¼€å§‹æ£€æŸ¥SQLæ³¨å…¥ - è¯·æ±‚æ–¹æ³•: GET, URL: http://localhost:5000/products/1
2025-02-06 20:42:56,969 - sql_injection_middleware - INFO - å¼€å§‹é¢„å¤„ç†å‚æ•°
2025-02-06 20:42:56,976 - sql_injection_middleware - INFO - SQLæ³¨å…¥æ£€æµ‹å®Œæˆï¼Œæœªå‘ç°æ”»å‡»
2025-02-06 20:42:56,976 - sql_injection_middleware - INFO - SQLæ³¨å…¥æ£€æµ‹é€šè¿‡ï¼Œæ£€æµ‹è€—æ—¶: 0.016ç§’
2025-02-06 20:43:00,525 - sql_injection_middleware - INFO - è¯·æ±‚è½¬å‘å®Œæˆ - çŠ¶æ€ç : 200, è€—æ—¶: 3.548ç§’
2025-02-06 20:43:00,526 - werkzeug - INFO - 127.0.0.1 - - [06/Feb/2025 20:43:00] "GET /products/1 HTTP/1.1" 200 -
2025-02-06 20:43:12,682 - sql_injection_middleware - INFO - æ”¶åˆ°æ–°è¯·æ±‚ - æ–¹æ³•: GET, URL: http://localhost:5000/products/search/'%20OR%20'1'='1
2025-02-06 20:43:12,682 - sql_injection_middleware - INFO - å¼€å§‹æ£€æŸ¥SQLæ³¨å…¥ - è¯·æ±‚æ–¹æ³•: GET, URL: http://localhost:5000/products/search/'%20OR%20'1'='1
2025-02-06 20:43:12,684 - sql_injection_middleware - INFO - å¼€å§‹é¢„å¤„ç†å‚æ•°
2025-02-06 20:43:12,688 - sql_injection_middleware - INFO - å¸ƒéš†è¿‡æ»¤å™¨æ£€æµ‹åˆ°å¯ç–‘å‚æ•°ï¼Œä½¿ç”¨MLæ¨¡å‹è¿›è¡Œç²¾ç¡®æ£€æµ‹: /products/search/' OR '1'='1
2025-02-06 20:43:12,724 - sql_injection_middleware.ml_detector - INFO - SQLæ³¨å…¥æ£€æµ‹ç»“æœ: æ˜¯å¦æ³¨å…¥=True, ç½®ä¿¡åº¦=0.6000
2025-02-06 20:43:12,724 - sql_injection_middleware - INFO - MLæ¨¡å‹æ£€æµ‹ç»“æœ - æ˜¯å¦SQLæ³¨å…¥: True, ç½®ä¿¡åº¦: 0.6, å‚æ•°: /products/search/' OR '1'='1
2025-02-06 20:43:12,726 - sql_injection_middleware - WARNING - æ£€æµ‹åˆ°SQLæ³¨å…¥æ”»å‡», å‚æ•°: /products/search/' OR '1'='1, ç½®ä¿¡åº¦: 0.6
2025-02-06 20:43:12,728 - sql_injection_middleware - WARNING - æ£€æµ‹åˆ°SQLæ³¨å…¥æ”»å‡»: http://localhost:5000/products/search/'%20OR%20'1'='1, æ£€æµ‹è€—æ—¶: 0.046ç§’
2025-02-06 20:43:12,728 - werkzeug - INFO - 127.0.0.1 - - [06/Feb/2025 20:43:12] "[31m[1mGET /products/search/'%20OR%20'1'='1 HTTP/1.1[0m" 403 -
2025-02-06 20:44:40,358 - werkzeug - INFO -  * Detected change in 'D:\\Source\\WBSID\\src\\sql_injection_middleware\\ml_detector.py', reloading
2025-02-06 20:44:40,955 - werkzeug - INFO -  * Restarting with stat
2025-02-06 20:44:44,278 - sql_injection_middleware - INFO - æ­£åœ¨è¿æ¥RedisæœåŠ¡å™¨...
2025-02-06 20:44:44,284 - sql_injection_middleware - INFO - æ­£åœ¨æµ‹è¯•Redisè¿æ¥...
2025-02-06 20:44:46,341 - sql_injection_middleware - INFO - Redisè¿æ¥æµ‹è¯•ç»“æœ: True
2025-02-06 20:44:46,341 - sql_injection_middleware - INFO - æ­£åœ¨åˆå§‹åŒ–å¸ƒéš†è¿‡æ»¤å™¨...
2025-02-06 20:44:46,345 - sql_injection_middleware.bloom_filter - INFO - æ­£åœ¨è¿æ¥RedisæœåŠ¡å™¨...
2025-02-06 20:44:46,349 - sql_injection_middleware.bloom_filter - INFO - æ­£åœ¨æµ‹è¯•Redisè¿æ¥...
2025-02-06 20:44:48,382 - sql_injection_middleware.bloom_filter - INFO - Redisè¿æ¥æµ‹è¯•ç»“æœ: True
2025-02-06 20:44:48,404 - sql_injection_middleware.bloom_filter - INFO - å¸ƒéš†è¿‡æ»¤å™¨åˆå§‹åŒ–å®Œæˆ
2025-02-06 20:44:48,444 - sql_injection_middleware - INFO - å¸ƒéš†è¿‡æ»¤å™¨åˆå§‹åŒ–æˆåŠŸ
2025-02-06 20:44:48,444 - sql_injection_middleware - INFO - æ­£åœ¨åˆå§‹åŒ–MLæ£€æµ‹å™¨...
2025-02-06 20:44:48,454 - sql_injection_middleware.ml_detector - INFO - æ­£åœ¨åŠ è½½random_forestæ¨¡å‹: D:\Source\WBSID\models\random_forest_model.joblib
2025-02-06 20:44:48,560 - sql_injection_middleware.ml_detector - INFO - æ¨¡å‹åŠ è½½æˆåŠŸ
2025-02-06 20:44:48,569 - sql_injection_middleware.ml_detector - INFO - ç‰¹å¾æå–å™¨ statistical åˆå§‹åŒ–æˆåŠŸ
2025-02-06 20:44:48,569 - sql_injection_middleware.ml_detector - INFO - ç‰¹å¾æå–å™¨ sql_semantic åˆå§‹åŒ–æˆåŠŸ
2025-02-06 20:44:48,569 - sql_injection_middleware - INFO - MLæ£€æµ‹å™¨åˆå§‹åŒ–æˆåŠŸ
2025-02-06 20:44:48,570 - sql_injection_middleware - INFO - SQLæ³¨å…¥é˜²å¾¡ä¸­é—´ä»¶å·²åˆå§‹åŒ–
2025-02-06 20:44:48,570 - sql_injection_middleware - INFO - SQLæ³¨å…¥é˜²æŠ¤ä¸­é—´ä»¶åˆå§‹åŒ–å®Œæˆ
2025-02-06 20:44:48,570 - sql_injection_middleware - INFO - å¯åŠ¨æœåŠ¡å™¨...
2025-02-06 20:45:23,964 - werkzeug - INFO -  * Detected change in 'D:\\Source\\WBSID\\src\\sql_injection_middleware\\sql_injection_middleware.py', reloading
2025-02-06 20:45:24,363 - werkzeug - INFO -  * Restarting with stat
2025-02-06 20:45:27,483 - sql_injection_middleware - INFO - æ­£åœ¨è¿æ¥RedisæœåŠ¡å™¨...
2025-02-06 20:45:27,483 - sql_injection_middleware - INFO - æ­£åœ¨æµ‹è¯•Redisè¿æ¥...
2025-02-06 20:45:29,524 - sql_injection_middleware - INFO - Redisè¿æ¥æµ‹è¯•ç»“æœ: True
2025-02-06 20:45:29,524 - sql_injection_middleware - INFO - æ­£åœ¨åˆå§‹åŒ–å¸ƒéš†è¿‡æ»¤å™¨...
2025-02-06 20:45:29,526 - sql_injection_middleware.bloom_filter - INFO - æ­£åœ¨è¿æ¥RedisæœåŠ¡å™¨...
2025-02-06 20:45:29,530 - sql_injection_middleware.bloom_filter - INFO - æ­£åœ¨æµ‹è¯•Redisè¿æ¥...
2025-02-06 20:45:31,569 - sql_injection_middleware.bloom_filter - INFO - Redisè¿æ¥æµ‹è¯•ç»“æœ: True
2025-02-06 20:45:31,589 - sql_injection_middleware.bloom_filter - INFO - å¸ƒéš†è¿‡æ»¤å™¨åˆå§‹åŒ–å®Œæˆ
2025-02-06 20:45:31,589 - sql_injection_middleware - INFO - å¸ƒéš†è¿‡æ»¤å™¨åˆå§‹åŒ–æˆåŠŸ
2025-02-06 20:45:31,589 - sql_injection_middleware - INFO - æ­£åœ¨åˆå§‹åŒ–MLæ£€æµ‹å™¨...
2025-02-06 20:45:31,589 - sql_injection_middleware.ml_detector - INFO - æ­£åœ¨åŠ è½½random_forestæ¨¡å‹: D:\Source\WBSID\models\random_forest_model.joblib
2025-02-06 20:45:31,709 - sql_injection_middleware.ml_detector - INFO - æ¨¡å‹åŠ è½½æˆåŠŸ
2025-02-06 20:45:31,723 - sql_injection_middleware.ml_detector - INFO - ç‰¹å¾æå–å™¨ statistical åˆå§‹åŒ–æˆåŠŸ
2025-02-06 20:45:31,724 - sql_injection_middleware.ml_detector - INFO - ç‰¹å¾æå–å™¨ sql_semantic åˆå§‹åŒ–æˆåŠŸ
2025-02-06 20:45:31,725 - sql_injection_middleware - INFO - MLæ£€æµ‹å™¨åˆå§‹åŒ–æˆåŠŸ
2025-02-06 20:45:31,728 - sql_injection_middleware - INFO - SQLæ³¨å…¥é˜²å¾¡ä¸­é—´ä»¶å·²åˆå§‹åŒ–
2025-02-06 20:45:31,728 - sql_injection_middleware - INFO - SQLæ³¨å…¥é˜²æŠ¤ä¸­é—´ä»¶åˆå§‹åŒ–å®Œæˆ
2025-02-06 20:45:31,730 - sql_injection_middleware - INFO - å¯åŠ¨æœåŠ¡å™¨...
2025-02-06 20:46:58,708 - sql_injection_middleware - INFO - æ­£åœ¨è¿æ¥RedisæœåŠ¡å™¨...
2025-02-06 20:46:58,708 - sql_injection_middleware - INFO - æ­£åœ¨æµ‹è¯•Redisè¿æ¥...
2025-02-06 20:47:00,729 - sql_injection_middleware - INFO - Redisè¿æ¥æµ‹è¯•ç»“æœ: True
2025-02-06 20:47:00,729 - sql_injection_middleware - INFO - æ­£åœ¨åˆå§‹åŒ–å¸ƒéš†è¿‡æ»¤å™¨...
2025-02-06 20:47:00,729 - sql_injection_middleware.bloom_filter - INFO - æ­£åœ¨è¿æ¥RedisæœåŠ¡å™¨...
2025-02-06 20:47:00,730 - sql_injection_middleware.bloom_filter - INFO - æ­£åœ¨æµ‹è¯•Redisè¿æ¥...
2025-02-06 20:47:02,753 - sql_injection_middleware.bloom_filter - INFO - Redisè¿æ¥æµ‹è¯•ç»“æœ: True
2025-02-06 20:47:02,767 - sql_injection_middleware.bloom_filter - INFO - å¸ƒéš†è¿‡æ»¤å™¨åˆå§‹åŒ–å®Œæˆ
2025-02-06 20:47:02,768 - sql_injection_middleware - INFO - å¸ƒéš†è¿‡æ»¤å™¨åˆå§‹åŒ–æˆåŠŸ
2025-02-06 20:47:02,768 - sql_injection_middleware - INFO - æ­£åœ¨åˆå§‹åŒ–MLæ£€æµ‹å™¨...
2025-02-06 20:47:02,768 - sql_injection_middleware.ml_detector - INFO - æ­£åœ¨åŠ è½½random_forestæ¨¡å‹: D:\Source\WBSID\models\random_forest_model.joblib
2025-02-06 20:47:02,873 - sql_injection_middleware.ml_detector - INFO - æ¨¡å‹åŠ è½½æˆåŠŸ
2025-02-06 20:47:02,873 - sql_injection_middleware.ml_detector - INFO - ç‰¹å¾æå–å™¨ statistical åˆå§‹åŒ–æˆåŠŸ
2025-02-06 20:47:02,873 - sql_injection_middleware.ml_detector - INFO - ç‰¹å¾æå–å™¨ sql_semantic åˆå§‹åŒ–æˆåŠŸ
2025-02-06 20:47:02,874 - sql_injection_middleware - INFO - MLæ£€æµ‹å™¨åˆå§‹åŒ–æˆåŠŸ
2025-02-06 20:47:02,874 - sql_injection_middleware - INFO - SQLæ³¨å…¥é˜²å¾¡ä¸­é—´ä»¶å·²åˆå§‹åŒ–
2025-02-06 20:47:02,874 - sql_injection_middleware - INFO - SQLæ³¨å…¥é˜²æŠ¤ä¸­é—´ä»¶åˆå§‹åŒ–å®Œæˆ
2025-02-06 20:47:02,874 - sql_injection_middleware - INFO - å¯åŠ¨æœåŠ¡å™¨...
2025-02-06 20:47:02,877 - werkzeug - INFO - [31m[1mWARNING: This is a development server. Do not use it in a production deployment. Use a production WSGI server instead.[0m
 * Running on http://localhost:5000
2025-02-06 20:47:02,878 - werkzeug - INFO - [33mPress CTRL+C to quit[0m
2025-02-06 20:47:02,880 - werkzeug - INFO -  * Restarting with stat
2025-02-06 20:47:05,841 - sql_injection_middleware - INFO - æ­£åœ¨è¿æ¥RedisæœåŠ¡å™¨...
2025-02-06 20:47:05,841 - sql_injection_middleware - INFO - æ­£åœ¨æµ‹è¯•Redisè¿æ¥...
2025-02-06 20:47:07,871 - sql_injection_middleware - INFO - Redisè¿æ¥æµ‹è¯•ç»“æœ: True
2025-02-06 20:47:07,872 - sql_injection_middleware - INFO - æ­£åœ¨åˆå§‹åŒ–å¸ƒéš†è¿‡æ»¤å™¨...
2025-02-06 20:47:07,873 - sql_injection_middleware.bloom_filter - INFO - æ­£åœ¨è¿æ¥RedisæœåŠ¡å™¨...
2025-02-06 20:47:07,873 - sql_injection_middleware.bloom_filter - INFO - æ­£åœ¨æµ‹è¯•Redisè¿æ¥...
2025-02-06 20:47:09,908 - sql_injection_middleware.bloom_filter - INFO - Redisè¿æ¥æµ‹è¯•ç»“æœ: True
2025-02-06 20:47:09,923 - sql_injection_middleware.bloom_filter - INFO - å¸ƒéš†è¿‡æ»¤å™¨åˆå§‹åŒ–å®Œæˆ
2025-02-06 20:47:09,923 - sql_injection_middleware - INFO - å¸ƒéš†è¿‡æ»¤å™¨åˆå§‹åŒ–æˆåŠŸ
2025-02-06 20:47:09,923 - sql_injection_middleware - INFO - æ­£åœ¨åˆå§‹åŒ–MLæ£€æµ‹å™¨...
2025-02-06 20:47:09,924 - sql_injection_middleware.ml_detector - INFO - æ­£åœ¨åŠ è½½random_forestæ¨¡å‹: D:\Source\WBSID\models\random_forest_model.joblib
2025-02-06 20:47:10,028 - sql_injection_middleware.ml_detector - INFO - æ¨¡å‹åŠ è½½æˆåŠŸ
2025-02-06 20:47:10,030 - sql_injection_middleware.ml_detector - INFO - ç‰¹å¾æå–å™¨ statistical åˆå§‹åŒ–æˆåŠŸ
2025-02-06 20:47:10,031 - sql_injection_middleware.ml_detector - INFO - ç‰¹å¾æå–å™¨ sql_semantic åˆå§‹åŒ–æˆåŠŸ
2025-02-06 20:47:10,031 - sql_injection_middleware - INFO - MLæ£€æµ‹å™¨åˆå§‹åŒ–æˆåŠŸ
2025-02-06 20:47:10,031 - sql_injection_middleware - INFO - SQLæ³¨å…¥é˜²å¾¡ä¸­é—´ä»¶å·²åˆå§‹åŒ–
2025-02-06 20:47:10,031 - sql_injection_middleware - INFO - SQLæ³¨å…¥é˜²æŠ¤ä¸­é—´ä»¶åˆå§‹åŒ–å®Œæˆ
2025-02-06 20:47:10,031 - sql_injection_middleware - INFO - å¯åŠ¨æœåŠ¡å™¨...
2025-02-06 20:47:23,350 - sql_injection_middleware - INFO - æ”¶åˆ°æ–°è¯·æ±‚ - æ–¹æ³•: GET, URL: http://localhost:5000/products/1
2025-02-06 20:47:23,350 - sql_injection_middleware - INFO - å¼€å§‹é¢„å¤„ç†å‚æ•°
2025-02-06 20:47:23,353 - sql_injection_middleware - INFO - å¸ƒéš†è¿‡æ»¤å™¨æ£€æµ‹åˆ°å¯ç–‘å‚æ•° [è€—æ—¶: 0.003s]
å¯ç–‘å‚æ•°: /products/1
2025-02-06 20:47:23,353 - sql_injection_middleware - INFO - å¸ƒéš†è¿‡æ»¤å™¨æ£€æµ‹åˆ°å¯ç–‘å‚æ•° [è€—æ—¶: 0.000s]
å¯ç–‘å‚æ•°: User-Agent
2025-02-06 20:47:23,354 - sql_injection_middleware - INFO - å¸ƒéš†è¿‡æ»¤å™¨æ£€æµ‹åˆ°å¯ç–‘å‚æ•° [è€—æ—¶: 0.001s]
å¯ç–‘å‚æ•°: Apifox/1.0.0 (https://apifox.com)
2025-02-06 20:47:23,354 - sql_injection_middleware - INFO - å¸ƒéš†è¿‡æ»¤å™¨æ£€æµ‹åˆ°å¯ç–‘å‚æ•° [è€—æ—¶: 0.000s]
å¯ç–‘å‚æ•°: Accept
2025-02-06 20:47:23,355 - sql_injection_middleware - INFO - å¸ƒéš†è¿‡æ»¤å™¨æ£€æµ‹åˆ°å¯ç–‘å‚æ•° [è€—æ—¶: 0.001s]
å¯ç–‘å‚æ•°: * 
2025-02-06 20:47:23,355 - sql_injection_middleware - INFO - å¸ƒéš†è¿‡æ»¤å™¨æ£€æµ‹åˆ°å¯ç–‘å‚æ•° [è€—æ—¶: 0.000s]
å¯ç–‘å‚æ•°: Host
2025-02-06 20:47:23,355 - sql_injection_middleware - INFO - å¸ƒéš†è¿‡æ»¤å™¨æ£€æµ‹åˆ°å¯ç–‘å‚æ•° [è€—æ—¶: 0.000s]
å¯ç–‘å‚æ•°: localhost:5000
2025-02-06 20:47:23,356 - sql_injection_middleware - INFO - å¸ƒéš†è¿‡æ»¤å™¨æ£€æµ‹åˆ°å¯ç–‘å‚æ•° [è€—æ—¶: 0.000s]
å¯ç–‘å‚æ•°: Accept-Encoding
2025-02-06 20:47:23,357 - sql_injection_middleware - INFO - å¸ƒéš†è¿‡æ»¤å™¨æ£€æµ‹åˆ°å¯ç–‘å‚æ•° [è€—æ—¶: 0.001s]
å¯ç–‘å‚æ•°: gzip, deflate, br
2025-02-06 20:47:23,357 - sql_injection_middleware - INFO - å¸ƒéš†è¿‡æ»¤å™¨æ£€æµ‹åˆ°å¯ç–‘å‚æ•° [è€—æ—¶: 0.000s]
å¯ç–‘å‚æ•°: Connection
2025-02-06 20:47:23,357 - sql_injection_middleware - INFO - å¸ƒéš†è¿‡æ»¤å™¨æ£€æµ‹åˆ°å¯ç–‘å‚æ•° [è€—æ—¶: 0.000s]
å¯ç–‘å‚æ•°: keep-alive
2025-02-06 20:47:23,357 - sql_injection_middleware - INFO - SQLæ³¨å…¥æ£€æµ‹é€šè¿‡ï¼Œæ£€æµ‹è€—æ—¶: 0.007ç§’
2025-02-06 20:47:25,807 - sql_injection_middleware - INFO - è¯·æ±‚è½¬å‘å®Œæˆ - çŠ¶æ€ç : 200, è€—æ—¶: 2.450ç§’
2025-02-06 20:47:25,808 - werkzeug - INFO - 127.0.0.1 - - [06/Feb/2025 20:47:25] "GET /products/1 HTTP/1.1" 200 -
2025-02-06 20:47:48,890 - sql_injection_middleware - INFO - æ”¶åˆ°æ–°è¯·æ±‚ - æ–¹æ³•: GET, URL: http://localhost:5000/products/unsafe-search/'%20OR%20'1'='1
2025-02-06 20:47:48,890 - sql_injection_middleware - INFO - å¼€å§‹é¢„å¤„ç†å‚æ•°
2025-02-06 20:47:48,892 - sql_injection_middleware - INFO - å¸ƒéš†è¿‡æ»¤å™¨æ£€æµ‹åˆ°å¯ç–‘å‚æ•° [è€—æ—¶: 0.001s]
å¯ç–‘å‚æ•°: /products/unsafe-search/' OR '1'='1
2025-02-06 20:47:48,892 - sql_injection_middleware - INFO - å¸ƒéš†è¿‡æ»¤å™¨æ£€æµ‹åˆ°å¯ç–‘å‚æ•°ï¼Œä½¿ç”¨MLæ¨¡å‹è¿›è¡Œç²¾ç¡®æ£€æµ‹: /products/unsafe-search/' OR '1'='1
2025-02-06 20:47:48,936 - sql_injection_middleware.ml_detector - WARNING - æ£€æµ‹åˆ°SQLæ³¨å…¥æ”»å‡»
æ£€æµ‹å‚æ•°:
  - åŸå§‹è¯·æ±‚: "/products/unsafe-search/' OR '1'='1"
  - é¢„å¤„ç†å: /products/unsafe-search/' OR '1'='1
æ£€æµ‹ç»“æœ:
  - æ˜¯å¦æ³¨å…¥: True
  - ç½®ä¿¡åº¦: 56.00%
æ—¶é—´æ¶ˆè€—:
  - é¢„å¤„ç†: 0.000s
  - ç‰¹å¾æå–: 0.004s
  - æ¨¡å‹é¢„æµ‹: 0.037s
  - æ€»è€—æ—¶: 0.041s
2025-02-06 20:47:48,936 - sql_injection_middleware - INFO - MLæ¨¡å‹æ£€æµ‹ç»“æœ - æ˜¯å¦SQLæ³¨å…¥: True, ç½®ä¿¡åº¦: 0.56, å‚æ•°: /products/unsafe-search/' OR '1'='1
2025-02-06 20:47:48,938 - sql_injection_middleware - WARNING - SQLæ³¨å…¥æ£€æµ‹å®Œæˆ [æ£€æµ‹åˆ°æ”»å‡»]
æ€»æ£€æµ‹æ—¶é—´: 0.048s
  - å¸ƒéš†è¿‡æ»¤å™¨: 0.001s
2025-02-06 20:47:48,938 - sql_injection_middleware - WARNING - æ£€æµ‹åˆ°SQLæ³¨å…¥æ”»å‡»: http://localhost:5000/products/unsafe-search/'%20OR%20'1'='1, æ£€æµ‹è€—æ—¶: 0.048ç§’
2025-02-06 20:47:48,938 - werkzeug - INFO - 127.0.0.1 - - [06/Feb/2025 20:47:48] "[31m[1mGET /products/unsafe-search/'%20OR%20'1'='1 HTTP/1.1[0m" 403 -
2025-02-06 20:47:52,352 - sql_injection_middleware - INFO - æ”¶åˆ°æ–°è¯·æ±‚ - æ–¹æ³•: GET, URL: http://localhost:5000/products/search/'%20OR%20'1'='1
2025-02-06 20:47:52,352 - sql_injection_middleware - INFO - å¼€å§‹é¢„å¤„ç†å‚æ•°
2025-02-06 20:47:52,354 - sql_injection_middleware - INFO - å¸ƒéš†è¿‡æ»¤å™¨æ£€æµ‹åˆ°å¯ç–‘å‚æ•° [è€—æ—¶: 0.001s]
å¯ç–‘å‚æ•°: /products/search/' OR '1'='1
2025-02-06 20:47:52,355 - sql_injection_middleware - INFO - å¸ƒéš†è¿‡æ»¤å™¨æ£€æµ‹åˆ°å¯ç–‘å‚æ•°ï¼Œä½¿ç”¨MLæ¨¡å‹è¿›è¡Œç²¾ç¡®æ£€æµ‹: /products/search/' OR '1'='1
2025-02-06 20:47:52,390 - sql_injection_middleware.ml_detector - WARNING - æ£€æµ‹åˆ°SQLæ³¨å…¥æ”»å‡»
æ£€æµ‹å‚æ•°:
  - åŸå§‹è¯·æ±‚: "/products/search/' OR '1'='1"
  - é¢„å¤„ç†å: /products/search/' OR '1'='1
æ£€æµ‹ç»“æœ:
  - æ˜¯å¦æ³¨å…¥: True
  - ç½®ä¿¡åº¦: 57.00%
æ—¶é—´æ¶ˆè€—:
  - é¢„å¤„ç†: 0.000s
  - ç‰¹å¾æå–: 0.003s
  - æ¨¡å‹é¢„æµ‹: 0.032s
  - æ€»è€—æ—¶: 0.035s
2025-02-06 20:47:52,391 - sql_injection_middleware - INFO - MLæ¨¡å‹æ£€æµ‹ç»“æœ - æ˜¯å¦SQLæ³¨å…¥: True, ç½®ä¿¡åº¦: 0.57, å‚æ•°: /products/search/' OR '1'='1
2025-02-06 20:47:52,392 - sql_injection_middleware - WARNING - SQLæ³¨å…¥æ£€æµ‹å®Œæˆ [æ£€æµ‹åˆ°æ”»å‡»]
æ€»æ£€æµ‹æ—¶é—´: 0.040s
  - å¸ƒéš†è¿‡æ»¤å™¨: 0.001s
2025-02-06 20:47:52,392 - sql_injection_middleware - WARNING - æ£€æµ‹åˆ°SQLæ³¨å…¥æ”»å‡»: http://localhost:5000/products/search/'%20OR%20'1'='1, æ£€æµ‹è€—æ—¶: 0.040ç§’
2025-02-06 20:47:52,393 - werkzeug - INFO - 127.0.0.1 - - [06/Feb/2025 20:47:52] "[31m[1mGET /products/search/'%20OR%20'1'='1 HTTP/1.1[0m" 403 -
2025-02-06 20:47:56,489 - sql_injection_middleware - INFO - æ”¶åˆ°æ–°è¯·æ±‚ - æ–¹æ³•: GET, URL: http://localhost:5000/products/1
2025-02-06 20:47:56,490 - sql_injection_middleware - INFO - å¼€å§‹é¢„å¤„ç†å‚æ•°
2025-02-06 20:47:56,492 - sql_injection_middleware - INFO - å¸ƒéš†è¿‡æ»¤å™¨æ£€æµ‹åˆ°å¯ç–‘å‚æ•° [è€—æ—¶: 0.001s]
å¯ç–‘å‚æ•°: /products/1
2025-02-06 20:47:56,492 - sql_injection_middleware - INFO - å¸ƒéš†è¿‡æ»¤å™¨æ£€æµ‹åˆ°å¯ç–‘å‚æ•° [è€—æ—¶: 0.000s]
å¯ç–‘å‚æ•°: User-Agent
2025-02-06 20:47:56,493 - sql_injection_middleware - INFO - å¸ƒéš†è¿‡æ»¤å™¨æ£€æµ‹åˆ°å¯ç–‘å‚æ•° [è€—æ—¶: 0.000s]
å¯ç–‘å‚æ•°: Apifox/1.0.0 (https://apifox.com)
2025-02-06 20:47:56,494 - sql_injection_middleware - INFO - å¸ƒéš†è¿‡æ»¤å™¨æ£€æµ‹åˆ°å¯ç–‘å‚æ•° [è€—æ—¶: 0.001s]
å¯ç–‘å‚æ•°: Accept
2025-02-06 20:47:56,494 - sql_injection_middleware - INFO - å¸ƒéš†è¿‡æ»¤å™¨æ£€æµ‹åˆ°å¯ç–‘å‚æ•° [è€—æ—¶: 0.000s]
å¯ç–‘å‚æ•°: * 
2025-02-06 20:47:56,495 - sql_injection_middleware - INFO - å¸ƒéš†è¿‡æ»¤å™¨æ£€æµ‹åˆ°å¯ç–‘å‚æ•° [è€—æ—¶: 0.001s]
å¯ç–‘å‚æ•°: Host
2025-02-06 20:47:56,495 - sql_injection_middleware - INFO - å¸ƒéš†è¿‡æ»¤å™¨æ£€æµ‹åˆ°å¯ç–‘å‚æ•° [è€—æ—¶: 0.000s]
å¯ç–‘å‚æ•°: localhost:5000
2025-02-06 20:47:56,496 - sql_injection_middleware - INFO - å¸ƒéš†è¿‡æ»¤å™¨æ£€æµ‹åˆ°å¯ç–‘å‚æ•° [è€—æ—¶: 0.000s]
å¯ç–‘å‚æ•°: Accept-Encoding
2025-02-06 20:47:56,498 - sql_injection_middleware - INFO - å¸ƒéš†è¿‡æ»¤å™¨æ£€æµ‹åˆ°å¯ç–‘å‚æ•° [è€—æ—¶: 0.002s]
å¯ç–‘å‚æ•°: gzip, deflate, br
2025-02-06 20:47:56,498 - sql_injection_middleware - INFO - å¸ƒéš†è¿‡æ»¤å™¨æ£€æµ‹åˆ°å¯ç–‘å‚æ•° [è€—æ—¶: 0.000s]
å¯ç–‘å‚æ•°: Connection
2025-02-06 20:47:56,499 - sql_injection_middleware - INFO - å¸ƒéš†è¿‡æ»¤å™¨æ£€æµ‹åˆ°å¯ç–‘å‚æ•° [è€—æ—¶: 0.001s]
å¯ç–‘å‚æ•°: keep-alive
2025-02-06 20:47:56,499 - sql_injection_middleware - INFO - SQLæ³¨å…¥æ£€æµ‹é€šè¿‡ï¼Œæ£€æµ‹è€—æ—¶: 0.009ç§’
2025-02-06 20:47:58,969 - sql_injection_middleware - INFO - è¯·æ±‚è½¬å‘å®Œæˆ - çŠ¶æ€ç : 200, è€—æ—¶: 2.470ç§’
2025-02-06 20:47:58,970 - werkzeug - INFO - 127.0.0.1 - - [06/Feb/2025 20:47:58] "GET /products/1 HTTP/1.1" 200 -
2025-02-06 20:55:26,401 - sql_injection_middleware - INFO - æ­£åœ¨è¿æ¥RedisæœåŠ¡å™¨...
2025-02-06 20:55:26,402 - sql_injection_middleware - INFO - æ­£åœ¨æµ‹è¯•Redisè¿æ¥...
2025-02-06 20:55:28,447 - sql_injection_middleware - INFO - Redisè¿æ¥æµ‹è¯•ç»“æœ: True
2025-02-06 20:55:28,448 - sql_injection_middleware - INFO - æ­£åœ¨åˆå§‹åŒ–å¸ƒéš†è¿‡æ»¤å™¨...
2025-02-06 20:55:28,449 - sql_injection_middleware.bloom_filter - INFO - æ­£åœ¨è¿æ¥RedisæœåŠ¡å™¨...
2025-02-06 20:55:28,449 - sql_injection_middleware.bloom_filter - INFO - æ­£åœ¨æµ‹è¯•Redisè¿æ¥...
2025-02-06 20:55:30,490 - sql_injection_middleware.bloom_filter - INFO - Redisè¿æ¥æµ‹è¯•ç»“æœ: True
2025-02-06 20:55:30,505 - sql_injection_middleware.bloom_filter - INFO - å¸ƒéš†è¿‡æ»¤å™¨åˆå§‹åŒ–å®Œæˆ
2025-02-06 20:55:30,505 - sql_injection_middleware - INFO - å¸ƒéš†è¿‡æ»¤å™¨åˆå§‹åŒ–æˆåŠŸ
2025-02-06 20:55:30,505 - sql_injection_middleware - INFO - æ­£åœ¨åˆå§‹åŒ–MLæ£€æµ‹å™¨...
2025-02-06 20:55:30,505 - sql_injection_middleware.ml_detector - INFO - æ­£åœ¨åŠ è½½random_forestæ¨¡å‹: D:\Source\WBSID\models\random_forest_model.joblib
2025-02-06 20:55:30,648 - sql_injection_middleware.ml_detector - INFO - æ¨¡å‹åŠ è½½æˆåŠŸ
2025-02-06 20:55:30,649 - sql_injection_middleware.ml_detector - INFO - ç‰¹å¾æå–å™¨ statistical åˆå§‹åŒ–æˆåŠŸ
2025-02-06 20:55:30,649 - sql_injection_middleware.ml_detector - INFO - ç‰¹å¾æå–å™¨ sql_semantic åˆå§‹åŒ–æˆåŠŸ
2025-02-06 20:55:30,649 - sql_injection_middleware - INFO - MLæ£€æµ‹å™¨åˆå§‹åŒ–æˆåŠŸ
2025-02-06 20:55:30,650 - sql_injection_middleware - INFO - SQLæ³¨å…¥é˜²å¾¡ä¸­é—´ä»¶å·²åˆå§‹åŒ–
2025-02-06 20:55:30,650 - sql_injection_middleware - INFO - SQLæ³¨å…¥é˜²æŠ¤ä¸­é—´ä»¶åˆå§‹åŒ–å®Œæˆ
2025-02-06 20:55:30,650 - sql_injection_middleware - INFO - å¯åŠ¨æœåŠ¡å™¨...
2025-02-06 20:55:30,653 - werkzeug - INFO - [31m[1mWARNING: This is a development server. Do not use it in a production deployment. Use a production WSGI server instead.[0m
 * Running on http://localhost:5000
2025-02-06 20:55:30,654 - werkzeug - INFO - [33mPress CTRL+C to quit[0m
2025-02-06 20:55:30,655 - werkzeug - INFO -  * Restarting with stat
2025-02-06 20:55:33,725 - sql_injection_middleware - INFO - æ­£åœ¨è¿æ¥RedisæœåŠ¡å™¨...
2025-02-06 20:55:33,726 - sql_injection_middleware - INFO - æ­£åœ¨æµ‹è¯•Redisè¿æ¥...
2025-02-06 20:55:35,774 - sql_injection_middleware - INFO - Redisè¿æ¥æµ‹è¯•ç»“æœ: True
2025-02-06 20:55:35,775 - sql_injection_middleware - INFO - æ­£åœ¨åˆå§‹åŒ–å¸ƒéš†è¿‡æ»¤å™¨...
2025-02-06 20:55:35,777 - sql_injection_middleware.bloom_filter - INFO - æ­£åœ¨è¿æ¥RedisæœåŠ¡å™¨...
2025-02-06 20:55:35,779 - sql_injection_middleware.bloom_filter - INFO - æ­£åœ¨æµ‹è¯•Redisè¿æ¥...
2025-02-06 20:55:37,817 - sql_injection_middleware.bloom_filter - INFO - Redisè¿æ¥æµ‹è¯•ç»“æœ: True
2025-02-06 20:55:37,827 - sql_injection_middleware.bloom_filter - INFO - å¸ƒéš†è¿‡æ»¤å™¨åˆå§‹åŒ–å®Œæˆ
2025-02-06 20:55:37,827 - sql_injection_middleware - INFO - å¸ƒéš†è¿‡æ»¤å™¨åˆå§‹åŒ–æˆåŠŸ
2025-02-06 20:55:37,827 - sql_injection_middleware - INFO - æ­£åœ¨åˆå§‹åŒ–MLæ£€æµ‹å™¨...
2025-02-06 20:55:37,828 - sql_injection_middleware.ml_detector - INFO - æ­£åœ¨åŠ è½½random_forestæ¨¡å‹: D:\Source\WBSID\models\random_forest_model.joblib
2025-02-06 20:55:37,938 - sql_injection_middleware.ml_detector - INFO - æ¨¡å‹åŠ è½½æˆåŠŸ
2025-02-06 20:55:37,941 - sql_injection_middleware.ml_detector - INFO - ç‰¹å¾æå–å™¨ statistical åˆå§‹åŒ–æˆåŠŸ
2025-02-06 20:55:37,941 - sql_injection_middleware.ml_detector - INFO - ç‰¹å¾æå–å™¨ sql_semantic åˆå§‹åŒ–æˆåŠŸ
2025-02-06 20:55:37,942 - sql_injection_middleware - INFO - MLæ£€æµ‹å™¨åˆå§‹åŒ–æˆåŠŸ
2025-02-06 20:55:37,942 - sql_injection_middleware - INFO - SQLæ³¨å…¥é˜²å¾¡ä¸­é—´ä»¶å·²åˆå§‹åŒ–
2025-02-06 20:55:37,942 - sql_injection_middleware - INFO - SQLæ³¨å…¥é˜²æŠ¤ä¸­é—´ä»¶åˆå§‹åŒ–å®Œæˆ
2025-02-06 20:55:37,942 - sql_injection_middleware - INFO - å¯åŠ¨æœåŠ¡å™¨...
2025-02-06 20:55:40,489 - sql_injection_middleware - INFO - æ”¶åˆ°æ–°è¯·æ±‚ - æ–¹æ³•: GET, URL: http://localhost:5000/products/1
2025-02-06 20:55:40,489 - sql_injection_middleware - INFO - å¼€å§‹é¢„å¤„ç†å‚æ•°
2025-02-06 20:55:40,491 - sql_injection_middleware - INFO - SQLæ³¨å…¥æ£€æµ‹å®Œæˆ [æ€»è€—æ—¶: 0.002s]
2025-02-06 20:55:40,491 - sql_injection_middleware - INFO - SQLæ³¨å…¥æ£€æµ‹é€šè¿‡ï¼Œæ£€æµ‹è€—æ—¶: 0.002ç§’
2025-02-06 20:55:43,098 - sql_injection_middleware - INFO - è¯·æ±‚è½¬å‘å®Œæˆ - çŠ¶æ€ç : 200, è€—æ—¶: 2.607ç§’
2025-02-06 20:55:43,100 - werkzeug - INFO - 127.0.0.1 - - [06/Feb/2025 20:55:43] "GET /products/1 HTTP/1.1" 200 -
2025-02-06 20:55:57,312 - sql_injection_middleware - INFO - æ”¶åˆ°æ–°è¯·æ±‚ - æ–¹æ³•: GET, URL: http://localhost:5000/products/unsafe-search/'%20OR%20'1'='1
2025-02-06 20:55:57,312 - sql_injection_middleware - INFO - å¼€å§‹é¢„å¤„ç†å‚æ•°
2025-02-06 20:55:57,312 - sql_injection_middleware - INFO - SQLæ³¨å…¥æ£€æµ‹å®Œæˆ [æ€»è€—æ—¶: 0.000s]
2025-02-06 20:55:57,312 - sql_injection_middleware - INFO - SQLæ³¨å…¥æ£€æµ‹é€šè¿‡ï¼Œæ£€æµ‹è€—æ—¶: 0.000ç§’
2025-02-06 20:55:59,852 - sql_injection_middleware - INFO - è¯·æ±‚è½¬å‘å®Œæˆ - çŠ¶æ€ç : 200, è€—æ—¶: 2.538ç§’
2025-02-06 20:55:59,852 - werkzeug - INFO - 127.0.0.1 - - [06/Feb/2025 20:55:59] "GET /products/unsafe-search/'%20OR%20'1'='1 HTTP/1.1" 200 -
2025-02-06 20:58:00,548 - werkzeug - INFO -  * Detected change in 'D:\\Source\\WBSID\\src\\sql_injection_middleware\\sql_injection_middleware.py', reloading
2025-02-06 20:58:00,994 - werkzeug - INFO -  * Restarting with stat
2025-02-06 20:58:04,106 - sql_injection_middleware - INFO - æ­£åœ¨è¿æ¥RedisæœåŠ¡å™¨...
2025-02-06 20:58:04,107 - sql_injection_middleware - INFO - æ­£åœ¨æµ‹è¯•Redisè¿æ¥...
2025-02-06 20:58:06,153 - sql_injection_middleware - INFO - Redisè¿æ¥æµ‹è¯•ç»“æœ: True
2025-02-06 20:58:06,154 - sql_injection_middleware - INFO - æ­£åœ¨åˆå§‹åŒ–å¸ƒéš†è¿‡æ»¤å™¨...
2025-02-06 20:58:06,155 - sql_injection_middleware.bloom_filter - INFO - æ­£åœ¨è¿æ¥RedisæœåŠ¡å™¨...
2025-02-06 20:58:06,155 - sql_injection_middleware.bloom_filter - INFO - æ­£åœ¨æµ‹è¯•Redisè¿æ¥...
2025-02-06 20:58:08,193 - sql_injection_middleware.bloom_filter - INFO - Redisè¿æ¥æµ‹è¯•ç»“æœ: True
2025-02-06 20:58:08,214 - sql_injection_middleware.bloom_filter - INFO - å¸ƒéš†è¿‡æ»¤å™¨åˆå§‹åŒ–å®Œæˆ
2025-02-06 20:58:08,214 - sql_injection_middleware - INFO - å¸ƒéš†è¿‡æ»¤å™¨åˆå§‹åŒ–æˆåŠŸ
2025-02-06 20:58:08,214 - sql_injection_middleware - INFO - æ­£åœ¨åˆå§‹åŒ–MLæ£€æµ‹å™¨...
2025-02-06 20:58:08,214 - sql_injection_middleware.ml_detector - INFO - æ­£åœ¨åŠ è½½random_forestæ¨¡å‹: D:\Source\WBSID\models\random_forest_model.joblib
2025-02-06 20:58:08,323 - sql_injection_middleware.ml_detector - INFO - æ¨¡å‹åŠ è½½æˆåŠŸ
2025-02-06 20:58:08,324 - sql_injection_middleware.ml_detector - INFO - ç‰¹å¾æå–å™¨ statistical åˆå§‹åŒ–æˆåŠŸ
2025-02-06 20:58:08,324 - sql_injection_middleware.ml_detector - INFO - ç‰¹å¾æå–å™¨ sql_semantic åˆå§‹åŒ–æˆåŠŸ
2025-02-06 20:58:08,324 - sql_injection_middleware - INFO - MLæ£€æµ‹å™¨åˆå§‹åŒ–æˆåŠŸ
2025-02-06 20:58:08,324 - sql_injection_middleware - INFO - SQLæ³¨å…¥é˜²å¾¡ä¸­é—´ä»¶å·²åˆå§‹åŒ–
2025-02-06 20:58:08,325 - sql_injection_middleware - INFO - SQLæ³¨å…¥é˜²æŠ¤ä¸­é—´ä»¶åˆå§‹åŒ–å®Œæˆ
2025-02-06 20:58:08,325 - sql_injection_middleware - INFO - å¯åŠ¨æœåŠ¡å™¨...
2025-02-06 20:58:42,006 - sql_injection_middleware - INFO - æ­£åœ¨è¿æ¥RedisæœåŠ¡å™¨...
2025-02-06 20:58:42,006 - sql_injection_middleware - INFO - æ­£åœ¨æµ‹è¯•Redisè¿æ¥...
2025-02-06 20:58:44,045 - sql_injection_middleware - INFO - Redisè¿æ¥æµ‹è¯•ç»“æœ: True
2025-02-06 20:58:44,045 - sql_injection_middleware - INFO - æ­£åœ¨åˆå§‹åŒ–å¸ƒéš†è¿‡æ»¤å™¨...
2025-02-06 20:58:44,047 - sql_injection_middleware.bloom_filter - INFO - æ­£åœ¨è¿æ¥RedisæœåŠ¡å™¨...
2025-02-06 20:58:44,047 - sql_injection_middleware.bloom_filter - INFO - æ­£åœ¨æµ‹è¯•Redisè¿æ¥...
2025-02-06 20:58:46,089 - sql_injection_middleware.bloom_filter - INFO - Redisè¿æ¥æµ‹è¯•ç»“æœ: True
2025-02-06 20:58:46,105 - sql_injection_middleware.bloom_filter - INFO - å¸ƒéš†è¿‡æ»¤å™¨åˆå§‹åŒ–å®Œæˆ
2025-02-06 20:58:46,105 - sql_injection_middleware - INFO - å¸ƒéš†è¿‡æ»¤å™¨åˆå§‹åŒ–æˆåŠŸ
2025-02-06 20:58:46,105 - sql_injection_middleware - INFO - æ­£åœ¨åˆå§‹åŒ–MLæ£€æµ‹å™¨...
2025-02-06 20:58:46,106 - sql_injection_middleware.ml_detector - INFO - æ­£åœ¨åŠ è½½random_forestæ¨¡å‹: D:\Source\WBSID\models\random_forest_model.joblib
2025-02-06 20:58:46,209 - sql_injection_middleware.ml_detector - INFO - æ¨¡å‹åŠ è½½æˆåŠŸ
2025-02-06 20:58:46,210 - sql_injection_middleware.ml_detector - INFO - ç‰¹å¾æå–å™¨ statistical åˆå§‹åŒ–æˆåŠŸ
2025-02-06 20:58:46,210 - sql_injection_middleware.ml_detector - INFO - ç‰¹å¾æå–å™¨ sql_semantic åˆå§‹åŒ–æˆåŠŸ
2025-02-06 20:58:46,210 - sql_injection_middleware - INFO - MLæ£€æµ‹å™¨åˆå§‹åŒ–æˆåŠŸ
2025-02-06 20:58:46,210 - sql_injection_middleware - INFO - SQLæ³¨å…¥é˜²å¾¡ä¸­é—´ä»¶å·²åˆå§‹åŒ–
2025-02-06 20:58:46,211 - sql_injection_middleware - INFO - SQLæ³¨å…¥é˜²æŠ¤ä¸­é—´ä»¶åˆå§‹åŒ–å®Œæˆ
2025-02-06 20:58:46,211 - sql_injection_middleware - INFO - å¯åŠ¨æœåŠ¡å™¨...
2025-02-06 20:58:46,214 - werkzeug - INFO - [31m[1mWARNING: This is a development server. Do not use it in a production deployment. Use a production WSGI server instead.[0m
 * Running on http://localhost:5000
2025-02-06 20:58:46,214 - werkzeug - INFO - [33mPress CTRL+C to quit[0m
2025-02-06 20:58:46,216 - werkzeug - INFO -  * Restarting with stat
2025-02-06 20:58:49,229 - sql_injection_middleware - INFO - æ­£åœ¨è¿æ¥RedisæœåŠ¡å™¨...
2025-02-06 20:58:49,229 - sql_injection_middleware - INFO - æ­£åœ¨æµ‹è¯•Redisè¿æ¥...
2025-02-06 20:58:51,276 - sql_injection_middleware - INFO - Redisè¿æ¥æµ‹è¯•ç»“æœ: True
2025-02-06 20:58:51,277 - sql_injection_middleware - INFO - æ­£åœ¨åˆå§‹åŒ–å¸ƒéš†è¿‡æ»¤å™¨...
2025-02-06 20:58:51,278 - sql_injection_middleware.bloom_filter - INFO - æ­£åœ¨è¿æ¥RedisæœåŠ¡å™¨...
2025-02-06 20:58:51,279 - sql_injection_middleware.bloom_filter - INFO - æ­£åœ¨æµ‹è¯•Redisè¿æ¥...
2025-02-06 20:58:53,327 - sql_injection_middleware.bloom_filter - INFO - Redisè¿æ¥æµ‹è¯•ç»“æœ: True
2025-02-06 20:58:53,365 - sql_injection_middleware.bloom_filter - INFO - å¸ƒéš†è¿‡æ»¤å™¨åˆå§‹åŒ–å®Œæˆ
2025-02-06 20:58:53,365 - sql_injection_middleware - INFO - å¸ƒéš†è¿‡æ»¤å™¨åˆå§‹åŒ–æˆåŠŸ
2025-02-06 20:58:53,365 - sql_injection_middleware - INFO - æ­£åœ¨åˆå§‹åŒ–MLæ£€æµ‹å™¨...
2025-02-06 20:58:53,365 - sql_injection_middleware.ml_detector - INFO - æ­£åœ¨åŠ è½½random_forestæ¨¡å‹: D:\Source\WBSID\models\random_forest_model.joblib
2025-02-06 20:58:53,474 - sql_injection_middleware.ml_detector - INFO - æ¨¡å‹åŠ è½½æˆåŠŸ
2025-02-06 20:58:53,475 - sql_injection_middleware.ml_detector - INFO - ç‰¹å¾æå–å™¨ statistical åˆå§‹åŒ–æˆåŠŸ
2025-02-06 20:58:53,475 - sql_injection_middleware.ml_detector - INFO - ç‰¹å¾æå–å™¨ sql_semantic åˆå§‹åŒ–æˆåŠŸ
2025-02-06 20:58:53,475 - sql_injection_middleware - INFO - MLæ£€æµ‹å™¨åˆå§‹åŒ–æˆåŠŸ
2025-02-06 20:58:53,475 - sql_injection_middleware - INFO - SQLæ³¨å…¥é˜²å¾¡ä¸­é—´ä»¶å·²åˆå§‹åŒ–
2025-02-06 20:58:53,475 - sql_injection_middleware - INFO - SQLæ³¨å…¥é˜²æŠ¤ä¸­é—´ä»¶åˆå§‹åŒ–å®Œæˆ
2025-02-06 20:58:53,476 - sql_injection_middleware - INFO - å¯åŠ¨æœåŠ¡å™¨...
2025-02-06 20:59:00,139 - sql_injection_middleware - INFO - æ”¶åˆ°æ–°è¯·æ±‚ - æ–¹æ³•: GET, URL: http://localhost:5000/products/1
2025-02-06 20:59:00,141 - sql_injection_middleware - INFO - å¼€å§‹é¢„å¤„ç†å‚æ•°
2025-02-06 20:59:00,141 - sql_injection_middleware - INFO - SQLæ³¨å…¥æ£€æµ‹å®Œæˆ [æ€»è€—æ—¶: 0.001s]
2025-02-06 20:59:00,141 - sql_injection_middleware - INFO - SQLæ³¨å…¥æ£€æµ‹é€šè¿‡ï¼Œæ£€æµ‹è€—æ—¶: 0.001ç§’
2025-02-06 20:59:02,635 - sql_injection_middleware - INFO - è¯·æ±‚è½¬å‘å®Œæˆ - çŠ¶æ€ç : 200, è€—æ—¶: 2.493ç§’
2025-02-06 20:59:02,635 - werkzeug - INFO - 127.0.0.1 - - [06/Feb/2025 20:59:02] "GET /products/1 HTTP/1.1" 200 -
2025-02-06 20:59:08,519 - sql_injection_middleware - INFO - æ”¶åˆ°æ–°è¯·æ±‚ - æ–¹æ³•: GET, URL: http://localhost:5000/products/search/'%20OR%20'1'='1
2025-02-06 20:59:08,519 - sql_injection_middleware - INFO - å¼€å§‹é¢„å¤„ç†å‚æ•°
2025-02-06 20:59:08,519 - sql_injection_middleware - INFO - SQLæ³¨å…¥æ£€æµ‹å®Œæˆ [æ€»è€—æ—¶: 0.000s]
2025-02-06 20:59:08,519 - sql_injection_middleware - INFO - SQLæ³¨å…¥æ£€æµ‹é€šè¿‡ï¼Œæ£€æµ‹è€—æ—¶: 0.000ç§’
2025-02-06 20:59:11,118 - sql_injection_middleware - INFO - è¯·æ±‚è½¬å‘å®Œæˆ - çŠ¶æ€ç : 200, è€—æ—¶: 2.597ç§’
2025-02-06 20:59:11,119 - werkzeug - INFO - 127.0.0.1 - - [06/Feb/2025 20:59:11] "GET /products/search/'%20OR%20'1'='1 HTTP/1.1" 200 -
2025-02-06 20:59:15,847 - sql_injection_middleware - INFO - æ”¶åˆ°æ–°è¯·æ±‚ - æ–¹æ³•: GET, URL: http://localhost:5000/products/unsafe-search/'%20OR%20'1'='1
2025-02-06 20:59:15,847 - sql_injection_middleware - INFO - å¼€å§‹é¢„å¤„ç†å‚æ•°
2025-02-06 20:59:15,850 - sql_injection_middleware - INFO - SQLæ³¨å…¥æ£€æµ‹å®Œæˆ [æ€»è€—æ—¶: 0.003s]
2025-02-06 20:59:15,854 - sql_injection_middleware - INFO - SQLæ³¨å…¥æ£€æµ‹é€šè¿‡ï¼Œæ£€æµ‹è€—æ—¶: 0.006ç§’
2025-02-06 20:59:18,411 - sql_injection_middleware - INFO - è¯·æ±‚è½¬å‘å®Œæˆ - çŠ¶æ€ç : 200, è€—æ—¶: 2.556ç§’
2025-02-06 20:59:18,413 - werkzeug - INFO - 127.0.0.1 - - [06/Feb/2025 20:59:18] "GET /products/unsafe-search/'%20OR%20'1'='1 HTTP/1.1" 200 -
2025-02-06 21:00:49,806 - werkzeug - INFO -  * Detected change in 'D:\\Source\\WBSID\\src\\sql_injection_middleware\\sql_injection_middleware.py', reloading
2025-02-06 21:00:50,235 - werkzeug - INFO -  * Restarting with stat
2025-02-06 21:00:53,269 - sql_injection_middleware - INFO - æ­£åœ¨è¿æ¥RedisæœåŠ¡å™¨...
2025-02-06 21:00:53,270 - sql_injection_middleware - INFO - æ­£åœ¨æµ‹è¯•Redisè¿æ¥...
2025-02-06 21:00:55,310 - sql_injection_middleware - INFO - Redisè¿æ¥æµ‹è¯•ç»“æœ: True
2025-02-06 21:00:55,311 - sql_injection_middleware - INFO - æ­£åœ¨åˆå§‹åŒ–å¸ƒéš†è¿‡æ»¤å™¨...
2025-02-06 21:00:55,312 - sql_injection_middleware.bloom_filter - INFO - æ­£åœ¨è¿æ¥RedisæœåŠ¡å™¨...
2025-02-06 21:00:55,314 - sql_injection_middleware.bloom_filter - INFO - æ­£åœ¨æµ‹è¯•Redisè¿æ¥...
2025-02-06 21:00:57,366 - sql_injection_middleware.bloom_filter - INFO - Redisè¿æ¥æµ‹è¯•ç»“æœ: True
2025-02-06 21:00:57,378 - sql_injection_middleware.bloom_filter - INFO - å¸ƒéš†è¿‡æ»¤å™¨åˆå§‹åŒ–å®Œæˆ
2025-02-06 21:00:57,378 - sql_injection_middleware - INFO - å¸ƒéš†è¿‡æ»¤å™¨åˆå§‹åŒ–æˆåŠŸ
2025-02-06 21:00:57,378 - sql_injection_middleware - INFO - æ­£åœ¨åˆå§‹åŒ–MLæ£€æµ‹å™¨...
2025-02-06 21:00:57,378 - sql_injection_middleware.ml_detector - INFO - æ­£åœ¨åŠ è½½random_forestæ¨¡å‹: D:\Source\WBSID\models\random_forest_model.joblib
2025-02-06 21:00:57,489 - sql_injection_middleware.ml_detector - INFO - æ¨¡å‹åŠ è½½æˆåŠŸ
2025-02-06 21:00:57,492 - sql_injection_middleware.ml_detector - INFO - ç‰¹å¾æå–å™¨ statistical åˆå§‹åŒ–æˆåŠŸ
2025-02-06 21:00:57,493 - sql_injection_middleware.ml_detector - INFO - ç‰¹å¾æå–å™¨ sql_semantic åˆå§‹åŒ–æˆåŠŸ
2025-02-06 21:00:57,493 - sql_injection_middleware - INFO - MLæ£€æµ‹å™¨åˆå§‹åŒ–æˆåŠŸ
2025-02-06 21:00:57,493 - sql_injection_middleware - INFO - SQLæ³¨å…¥é˜²å¾¡ä¸­é—´ä»¶å·²åˆå§‹åŒ–
2025-02-06 21:00:57,493 - sql_injection_middleware - INFO - SQLæ³¨å…¥é˜²æŠ¤ä¸­é—´ä»¶åˆå§‹åŒ–å®Œæˆ
2025-02-06 21:00:57,493 - sql_injection_middleware - INFO - å¯åŠ¨æœåŠ¡å™¨...
2025-02-06 21:01:26,871 - werkzeug - INFO -  * Detected change in 'D:\\Source\\WBSID\\src\\sql_injection_middleware\\bloom_filter.py', reloading
2025-02-06 21:01:27,268 - werkzeug - INFO -  * Restarting with stat
2025-02-06 21:01:30,326 - sql_injection_middleware - INFO - æ­£åœ¨è¿æ¥RedisæœåŠ¡å™¨...
2025-02-06 21:01:30,326 - sql_injection_middleware - INFO - æ­£åœ¨æµ‹è¯•Redisè¿æ¥...
2025-02-06 21:01:32,371 - sql_injection_middleware - INFO - Redisè¿æ¥æµ‹è¯•ç»“æœ: True
2025-02-06 21:01:32,371 - sql_injection_middleware - INFO - æ­£åœ¨åˆå§‹åŒ–å¸ƒéš†è¿‡æ»¤å™¨...
2025-02-06 21:01:32,372 - sql_injection_middleware.bloom_filter - INFO - æ­£åœ¨è¿æ¥RedisæœåŠ¡å™¨...
2025-02-06 21:01:32,372 - sql_injection_middleware.bloom_filter - INFO - æ­£åœ¨æµ‹è¯•Redisè¿æ¥...
2025-02-06 21:01:34,431 - sql_injection_middleware.bloom_filter - INFO - Redisè¿æ¥æµ‹è¯•ç»“æœ: True
2025-02-06 21:01:34,448 - sql_injection_middleware.bloom_filter - INFO - å¸ƒéš†è¿‡æ»¤å™¨åˆå§‹åŒ–å®Œæˆ
2025-02-06 21:01:34,449 - sql_injection_middleware - INFO - å¸ƒéš†è¿‡æ»¤å™¨åˆå§‹åŒ–æˆåŠŸ
2025-02-06 21:01:34,449 - sql_injection_middleware - INFO - æ­£åœ¨åˆå§‹åŒ–MLæ£€æµ‹å™¨...
2025-02-06 21:01:34,449 - sql_injection_middleware.ml_detector - INFO - æ­£åœ¨åŠ è½½random_forestæ¨¡å‹: D:\Source\WBSID\models\random_forest_model.joblib
2025-02-06 21:01:34,555 - sql_injection_middleware.ml_detector - INFO - æ¨¡å‹åŠ è½½æˆåŠŸ
2025-02-06 21:01:34,556 - sql_injection_middleware.ml_detector - INFO - ç‰¹å¾æå–å™¨ statistical åˆå§‹åŒ–æˆåŠŸ
2025-02-06 21:01:34,556 - sql_injection_middleware.ml_detector - INFO - ç‰¹å¾æå–å™¨ sql_semantic åˆå§‹åŒ–æˆåŠŸ
2025-02-06 21:01:34,556 - sql_injection_middleware - INFO - MLæ£€æµ‹å™¨åˆå§‹åŒ–æˆåŠŸ
2025-02-06 21:01:34,556 - sql_injection_middleware - INFO - SQLæ³¨å…¥é˜²å¾¡ä¸­é—´ä»¶å·²åˆå§‹åŒ–
2025-02-06 21:01:34,556 - sql_injection_middleware - INFO - SQLæ³¨å…¥é˜²æŠ¤ä¸­é—´ä»¶åˆå§‹åŒ–å®Œæˆ
2025-02-06 21:01:34,557 - sql_injection_middleware - INFO - å¯åŠ¨æœåŠ¡å™¨...
2025-02-06 21:02:03,484 - sql_injection_middleware - INFO - æ­£åœ¨è¿æ¥RedisæœåŠ¡å™¨...
2025-02-06 21:02:03,484 - sql_injection_middleware - INFO - æ­£åœ¨æµ‹è¯•Redisè¿æ¥...
2025-02-06 21:02:05,527 - sql_injection_middleware - INFO - Redisè¿æ¥æµ‹è¯•ç»“æœ: True
2025-02-06 21:02:05,529 - sql_injection_middleware - INFO - æ­£åœ¨åˆå§‹åŒ–å¸ƒéš†è¿‡æ»¤å™¨...
2025-02-06 21:02:05,529 - sql_injection_middleware.bloom_filter - INFO - æ­£åœ¨è¿æ¥RedisæœåŠ¡å™¨...
2025-02-06 21:02:05,529 - sql_injection_middleware.bloom_filter - INFO - æ­£åœ¨æµ‹è¯•Redisè¿æ¥...
2025-02-06 21:02:07,581 - sql_injection_middleware.bloom_filter - INFO - Redisè¿æ¥æµ‹è¯•ç»“æœ: True
2025-02-06 21:02:07,596 - sql_injection_middleware.bloom_filter - INFO - å¸ƒéš†è¿‡æ»¤å™¨åˆå§‹åŒ–å®Œæˆ
2025-02-06 21:02:07,596 - sql_injection_middleware - INFO - å¸ƒéš†è¿‡æ»¤å™¨åˆå§‹åŒ–æˆåŠŸ
2025-02-06 21:02:07,596 - sql_injection_middleware - INFO - æ­£åœ¨åˆå§‹åŒ–MLæ£€æµ‹å™¨...
2025-02-06 21:02:07,597 - sql_injection_middleware.ml_detector - INFO - æ­£åœ¨åŠ è½½random_forestæ¨¡å‹: D:\Source\WBSID\models\random_forest_model.joblib
2025-02-06 21:02:07,699 - sql_injection_middleware.ml_detector - INFO - æ¨¡å‹åŠ è½½æˆåŠŸ
2025-02-06 21:02:07,701 - sql_injection_middleware.ml_detector - INFO - ç‰¹å¾æå–å™¨ statistical åˆå§‹åŒ–æˆåŠŸ
2025-02-06 21:02:07,701 - sql_injection_middleware.ml_detector - INFO - ç‰¹å¾æå–å™¨ sql_semantic åˆå§‹åŒ–æˆåŠŸ
2025-02-06 21:02:07,701 - sql_injection_middleware - INFO - MLæ£€æµ‹å™¨åˆå§‹åŒ–æˆåŠŸ
2025-02-06 21:02:07,701 - sql_injection_middleware - INFO - SQLæ³¨å…¥é˜²å¾¡ä¸­é—´ä»¶å·²åˆå§‹åŒ–
2025-02-06 21:02:07,702 - sql_injection_middleware - INFO - SQLæ³¨å…¥é˜²æŠ¤ä¸­é—´ä»¶åˆå§‹åŒ–å®Œæˆ
2025-02-06 21:02:07,702 - sql_injection_middleware - INFO - å¯åŠ¨æœåŠ¡å™¨...
2025-02-06 21:02:07,705 - werkzeug - INFO - [31m[1mWARNING: This is a development server. Do not use it in a production deployment. Use a production WSGI server instead.[0m
 * Running on http://localhost:5000
2025-02-06 21:02:07,706 - werkzeug - INFO - [33mPress CTRL+C to quit[0m
2025-02-06 21:02:07,707 - werkzeug - INFO -  * Restarting with stat
2025-02-06 21:02:10,666 - sql_injection_middleware - INFO - æ­£åœ¨è¿æ¥RedisæœåŠ¡å™¨...
2025-02-06 21:02:10,667 - sql_injection_middleware - INFO - æ­£åœ¨æµ‹è¯•Redisè¿æ¥...
2025-02-06 21:02:12,720 - sql_injection_middleware - INFO - Redisè¿æ¥æµ‹è¯•ç»“æœ: True
2025-02-06 21:02:12,721 - sql_injection_middleware - INFO - æ­£åœ¨åˆå§‹åŒ–å¸ƒéš†è¿‡æ»¤å™¨...
2025-02-06 21:02:12,722 - sql_injection_middleware.bloom_filter - INFO - æ­£åœ¨è¿æ¥RedisæœåŠ¡å™¨...
2025-02-06 21:02:12,723 - sql_injection_middleware.bloom_filter - INFO - æ­£åœ¨æµ‹è¯•Redisè¿æ¥...
2025-02-06 21:02:14,756 - sql_injection_middleware.bloom_filter - INFO - Redisè¿æ¥æµ‹è¯•ç»“æœ: True
2025-02-06 21:02:14,767 - sql_injection_middleware.bloom_filter - INFO - å¸ƒéš†è¿‡æ»¤å™¨åˆå§‹åŒ–å®Œæˆ
2025-02-06 21:02:14,767 - sql_injection_middleware - INFO - å¸ƒéš†è¿‡æ»¤å™¨åˆå§‹åŒ–æˆåŠŸ
2025-02-06 21:02:14,767 - sql_injection_middleware - INFO - æ­£åœ¨åˆå§‹åŒ–MLæ£€æµ‹å™¨...
2025-02-06 21:02:14,768 - sql_injection_middleware.ml_detector - INFO - æ­£åœ¨åŠ è½½random_forestæ¨¡å‹: D:\Source\WBSID\models\random_forest_model.joblib
2025-02-06 21:02:14,876 - sql_injection_middleware.ml_detector - INFO - æ¨¡å‹åŠ è½½æˆåŠŸ
2025-02-06 21:02:14,878 - sql_injection_middleware.ml_detector - INFO - ç‰¹å¾æå–å™¨ statistical åˆå§‹åŒ–æˆåŠŸ
2025-02-06 21:02:14,878 - sql_injection_middleware.ml_detector - INFO - ç‰¹å¾æå–å™¨ sql_semantic åˆå§‹åŒ–æˆåŠŸ
2025-02-06 21:02:14,878 - sql_injection_middleware - INFO - MLæ£€æµ‹å™¨åˆå§‹åŒ–æˆåŠŸ
2025-02-06 21:02:14,879 - sql_injection_middleware - INFO - SQLæ³¨å…¥é˜²å¾¡ä¸­é—´ä»¶å·²åˆå§‹åŒ–
2025-02-06 21:02:14,879 - sql_injection_middleware - INFO - SQLæ³¨å…¥é˜²æŠ¤ä¸­é—´ä»¶åˆå§‹åŒ–å®Œæˆ
2025-02-06 21:02:14,879 - sql_injection_middleware - INFO - å¯åŠ¨æœåŠ¡å™¨...
2025-02-06 21:02:17,559 - sql_injection_middleware - INFO - æ”¶åˆ°æ–°è¯·æ±‚ - æ–¹æ³•: GET, URL: http://localhost:5000/products/1
2025-02-06 21:02:17,559 - sql_injection_middleware - INFO - å¼€å§‹é¢„å¤„ç†å‚æ•°
2025-02-06 21:02:17,560 - sql_injection_middleware - INFO - SQLæ³¨å…¥æ£€æµ‹å®Œæˆ [æ€»è€—æ—¶: 0.001s]
2025-02-06 21:02:17,560 - sql_injection_middleware - INFO - SQLæ³¨å…¥æ£€æµ‹é€šè¿‡ï¼Œæ£€æµ‹è€—æ—¶: 0.001ç§’
2025-02-06 21:02:20,100 - sql_injection_middleware - INFO - è¯·æ±‚è½¬å‘å®Œæˆ - çŠ¶æ€ç : 200, è€—æ—¶: 2.540ç§’
2025-02-06 21:02:20,101 - werkzeug - INFO - 127.0.0.1 - - [06/Feb/2025 21:02:20] "GET /products/1 HTTP/1.1" 200 -
2025-02-06 21:02:23,593 - sql_injection_middleware - INFO - æ”¶åˆ°æ–°è¯·æ±‚ - æ–¹æ³•: GET, URL: http://localhost:5000/products/1
2025-02-06 21:02:23,593 - sql_injection_middleware - INFO - å¼€å§‹é¢„å¤„ç†å‚æ•°
2025-02-06 21:02:23,595 - sql_injection_middleware - INFO - SQLæ³¨å…¥æ£€æµ‹å®Œæˆ [æ€»è€—æ—¶: 0.002s]
2025-02-06 21:02:23,595 - sql_injection_middleware - INFO - SQLæ³¨å…¥æ£€æµ‹é€šè¿‡ï¼Œæ£€æµ‹è€—æ—¶: 0.002ç§’
2025-02-06 21:02:26,129 - sql_injection_middleware - INFO - è¯·æ±‚è½¬å‘å®Œæˆ - çŠ¶æ€ç : 200, è€—æ—¶: 2.534ç§’
2025-02-06 21:02:26,129 - werkzeug - INFO - 127.0.0.1 - - [06/Feb/2025 21:02:26] "GET /products/1 HTTP/1.1" 200 -
2025-02-06 21:02:33,620 - sql_injection_middleware - INFO - æ”¶åˆ°æ–°è¯·æ±‚ - æ–¹æ³•: GET, URL: http://localhost:5000/products/search/'%20OR%20'1'='1
2025-02-06 21:02:33,622 - sql_injection_middleware - INFO - å¼€å§‹é¢„å¤„ç†å‚æ•°
2025-02-06 21:02:33,624 - sql_injection_middleware - INFO - å¸ƒéš†è¿‡æ»¤å™¨æ£€æµ‹åˆ°å¯ç–‘å‚æ•° [è€—æ—¶: 0.001s]
2025-02-06 21:02:33,625 - sql_injection_middleware - ERROR - SQLæ³¨å…¥æ£€æµ‹è¿‡ç¨‹ä¸­å‘ç”Ÿé”™è¯¯: 'MLDetector' object has no attribute 'detect_sql_injection'
Traceback (most recent call last):
  File "D:\Source\WBSID\src\sql_injection_middleware\sql_injection_middleware.py", line 345, in _check_sql_injection
    ml_result = self.ml_detector.detect_sql_injection(param)
                ^^^^^^^^^^^^^^^^^^^^^^^^^^^^^^^^^^^^^
AttributeError: 'MLDetector' object has no attribute 'detect_sql_injection'
2025-02-06 21:02:33,626 - sql_injection_middleware - INFO - SQLæ³¨å…¥æ£€æµ‹é€šè¿‡ï¼Œæ£€æµ‹è€—æ—¶: 0.004ç§’
2025-02-06 21:02:36,082 - sql_injection_middleware - INFO - è¯·æ±‚è½¬å‘å®Œæˆ - çŠ¶æ€ç : 200, è€—æ—¶: 2.455ç§’
2025-02-06 21:02:36,083 - werkzeug - INFO - 127.0.0.1 - - [06/Feb/2025 21:02:36] "GET /products/search/'%20OR%20'1'='1 HTTP/1.1" 200 -
2025-02-06 21:03:40,842 - werkzeug - INFO -  * Detected change in 'D:\\Source\\WBSID\\src\\sql_injection_middleware\\sql_injection_middleware.py', reloading
2025-02-06 21:03:41,391 - werkzeug - INFO -  * Restarting with stat
2025-02-06 21:03:44,481 - sql_injection_middleware - INFO - æ­£åœ¨è¿æ¥RedisæœåŠ¡å™¨...
2025-02-06 21:03:44,482 - sql_injection_middleware - INFO - æ­£åœ¨æµ‹è¯•Redisè¿æ¥...
2025-02-06 21:03:46,526 - sql_injection_middleware - INFO - Redisè¿æ¥æµ‹è¯•ç»“æœ: True
2025-02-06 21:03:46,526 - sql_injection_middleware - INFO - æ­£åœ¨åˆå§‹åŒ–å¸ƒéš†è¿‡æ»¤å™¨...
2025-02-06 21:03:46,527 - sql_injection_middleware.bloom_filter - INFO - æ­£åœ¨è¿æ¥RedisæœåŠ¡å™¨...
2025-02-06 21:03:46,527 - sql_injection_middleware.bloom_filter - INFO - æ­£åœ¨æµ‹è¯•Redisè¿æ¥...
2025-02-06 21:03:48,572 - sql_injection_middleware.bloom_filter - INFO - Redisè¿æ¥æµ‹è¯•ç»“æœ: True
2025-02-06 21:03:48,584 - sql_injection_middleware.bloom_filter - INFO - å¸ƒéš†è¿‡æ»¤å™¨åˆå§‹åŒ–å®Œæˆ
2025-02-06 21:03:48,585 - sql_injection_middleware - INFO - å¸ƒéš†è¿‡æ»¤å™¨åˆå§‹åŒ–æˆåŠŸ
2025-02-06 21:03:48,585 - sql_injection_middleware - INFO - æ­£åœ¨åˆå§‹åŒ–MLæ£€æµ‹å™¨...
2025-02-06 21:03:48,585 - sql_injection_middleware.ml_detector - INFO - æ­£åœ¨åŠ è½½random_forestæ¨¡å‹: D:\Source\WBSID\models\random_forest_model.joblib
2025-02-06 21:03:48,689 - sql_injection_middleware.ml_detector - INFO - æ¨¡å‹åŠ è½½æˆåŠŸ
2025-02-06 21:03:48,691 - sql_injection_middleware.ml_detector - INFO - ç‰¹å¾æå–å™¨ statistical åˆå§‹åŒ–æˆåŠŸ
2025-02-06 21:03:48,691 - sql_injection_middleware.ml_detector - INFO - ç‰¹å¾æå–å™¨ sql_semantic åˆå§‹åŒ–æˆåŠŸ
2025-02-06 21:03:48,691 - sql_injection_middleware - INFO - MLæ£€æµ‹å™¨åˆå§‹åŒ–æˆåŠŸ
2025-02-06 21:03:48,691 - sql_injection_middleware - INFO - SQLæ³¨å…¥é˜²å¾¡ä¸­é—´ä»¶å·²åˆå§‹åŒ–
2025-02-06 21:03:48,691 - sql_injection_middleware - INFO - SQLæ³¨å…¥é˜²æŠ¤ä¸­é—´ä»¶åˆå§‹åŒ–å®Œæˆ
2025-02-06 21:03:48,692 - sql_injection_middleware - INFO - å¯åŠ¨æœåŠ¡å™¨...
2025-02-06 21:04:08,915 - sql_injection_middleware - INFO - æ­£åœ¨è¿æ¥RedisæœåŠ¡å™¨...
2025-02-06 21:04:08,916 - sql_injection_middleware - INFO - æ­£åœ¨æµ‹è¯•Redisè¿æ¥...
2025-02-06 21:04:10,970 - sql_injection_middleware - INFO - Redisè¿æ¥æµ‹è¯•ç»“æœ: True
2025-02-06 21:04:10,970 - sql_injection_middleware - INFO - æ­£åœ¨åˆå§‹åŒ–å¸ƒéš†è¿‡æ»¤å™¨...
2025-02-06 21:04:10,971 - sql_injection_middleware.bloom_filter - INFO - æ­£åœ¨è¿æ¥RedisæœåŠ¡å™¨...
2025-02-06 21:04:10,972 - sql_injection_middleware.bloom_filter - INFO - æ­£åœ¨æµ‹è¯•Redisè¿æ¥...
2025-02-06 21:04:13,012 - sql_injection_middleware.bloom_filter - INFO - Redisè¿æ¥æµ‹è¯•ç»“æœ: True
2025-02-06 21:04:13,026 - sql_injection_middleware.bloom_filter - INFO - å¸ƒéš†è¿‡æ»¤å™¨åˆå§‹åŒ–å®Œæˆ
2025-02-06 21:04:13,026 - sql_injection_middleware - INFO - å¸ƒéš†è¿‡æ»¤å™¨åˆå§‹åŒ–æˆåŠŸ
2025-02-06 21:04:13,026 - sql_injection_middleware - INFO - æ­£åœ¨åˆå§‹åŒ–MLæ£€æµ‹å™¨...
2025-02-06 21:04:13,027 - sql_injection_middleware.ml_detector - INFO - æ­£åœ¨åŠ è½½random_forestæ¨¡å‹: D:\Source\WBSID\models\random_forest_model.joblib
2025-02-06 21:04:13,132 - sql_injection_middleware.ml_detector - INFO - æ¨¡å‹åŠ è½½æˆåŠŸ
2025-02-06 21:04:13,133 - sql_injection_middleware.ml_detector - INFO - ç‰¹å¾æå–å™¨ statistical åˆå§‹åŒ–æˆåŠŸ
2025-02-06 21:04:13,133 - sql_injection_middleware.ml_detector - INFO - ç‰¹å¾æå–å™¨ sql_semantic åˆå§‹åŒ–æˆåŠŸ
2025-02-06 21:04:13,134 - sql_injection_middleware - INFO - MLæ£€æµ‹å™¨åˆå§‹åŒ–æˆåŠŸ
2025-02-06 21:04:13,134 - sql_injection_middleware - INFO - SQLæ³¨å…¥é˜²å¾¡ä¸­é—´ä»¶å·²åˆå§‹åŒ–
2025-02-06 21:04:13,134 - sql_injection_middleware - INFO - SQLæ³¨å…¥é˜²æŠ¤ä¸­é—´ä»¶åˆå§‹åŒ–å®Œæˆ
2025-02-06 21:04:13,134 - sql_injection_middleware - INFO - å¯åŠ¨æœåŠ¡å™¨...
2025-02-06 21:04:13,138 - werkzeug - INFO - [31m[1mWARNING: This is a development server. Do not use it in a production deployment. Use a production WSGI server instead.[0m
 * Running on http://localhost:5000
2025-02-06 21:04:13,138 - werkzeug - INFO - [33mPress CTRL+C to quit[0m
2025-02-06 21:04:13,139 - werkzeug - INFO -  * Restarting with stat
2025-02-06 21:04:16,130 - sql_injection_middleware - INFO - æ­£åœ¨è¿æ¥RedisæœåŠ¡å™¨...
2025-02-06 21:04:16,130 - sql_injection_middleware - INFO - æ­£åœ¨æµ‹è¯•Redisè¿æ¥...
2025-02-06 21:04:18,181 - sql_injection_middleware - INFO - Redisè¿æ¥æµ‹è¯•ç»“æœ: True
2025-02-06 21:04:18,182 - sql_injection_middleware - INFO - æ­£åœ¨åˆå§‹åŒ–å¸ƒéš†è¿‡æ»¤å™¨...
2025-02-06 21:04:18,183 - sql_injection_middleware.bloom_filter - INFO - æ­£åœ¨è¿æ¥RedisæœåŠ¡å™¨...
2025-02-06 21:04:18,184 - sql_injection_middleware.bloom_filter - INFO - æ­£åœ¨æµ‹è¯•Redisè¿æ¥...
2025-02-06 21:04:20,233 - sql_injection_middleware.bloom_filter - INFO - Redisè¿æ¥æµ‹è¯•ç»“æœ: True
2025-02-06 21:04:20,244 - sql_injection_middleware.bloom_filter - INFO - å¸ƒéš†è¿‡æ»¤å™¨åˆå§‹åŒ–å®Œæˆ
2025-02-06 21:04:20,244 - sql_injection_middleware - INFO - å¸ƒéš†è¿‡æ»¤å™¨åˆå§‹åŒ–æˆåŠŸ
2025-02-06 21:04:20,244 - sql_injection_middleware - INFO - æ­£åœ¨åˆå§‹åŒ–MLæ£€æµ‹å™¨...
2025-02-06 21:04:20,245 - sql_injection_middleware.ml_detector - INFO - æ­£åœ¨åŠ è½½random_forestæ¨¡å‹: D:\Source\WBSID\models\random_forest_model.joblib
2025-02-06 21:04:20,359 - sql_injection_middleware.ml_detector - INFO - æ¨¡å‹åŠ è½½æˆåŠŸ
2025-02-06 21:04:20,360 - sql_injection_middleware.ml_detector - INFO - ç‰¹å¾æå–å™¨ statistical åˆå§‹åŒ–æˆåŠŸ
2025-02-06 21:04:20,360 - sql_injection_middleware.ml_detector - INFO - ç‰¹å¾æå–å™¨ sql_semantic åˆå§‹åŒ–æˆåŠŸ
2025-02-06 21:04:20,360 - sql_injection_middleware - INFO - MLæ£€æµ‹å™¨åˆå§‹åŒ–æˆåŠŸ
2025-02-06 21:04:20,360 - sql_injection_middleware - INFO - SQLæ³¨å…¥é˜²å¾¡ä¸­é—´ä»¶å·²åˆå§‹åŒ–
2025-02-06 21:04:20,360 - sql_injection_middleware - INFO - SQLæ³¨å…¥é˜²æŠ¤ä¸­é—´ä»¶åˆå§‹åŒ–å®Œæˆ
2025-02-06 21:04:20,360 - sql_injection_middleware - INFO - å¯åŠ¨æœåŠ¡å™¨...
2025-02-06 21:04:24,830 - sql_injection_middleware - INFO - æ”¶åˆ°æ–°è¯·æ±‚ - æ–¹æ³•: GET, URL: http://localhost:5000/products/1
2025-02-06 21:04:24,831 - sql_injection_middleware - INFO - å¼€å§‹é¢„å¤„ç†å‚æ•°
2025-02-06 21:04:24,831 - sql_injection_middleware - INFO - SQLæ³¨å…¥æ£€æµ‹å®Œæˆ [æ€»è€—æ—¶: 0.000s]
2025-02-06 21:04:24,832 - sql_injection_middleware - INFO - SQLæ³¨å…¥æ£€æµ‹é€šè¿‡ï¼Œæ£€æµ‹è€—æ—¶: 0.001ç§’
2025-02-06 21:04:28,553 - sql_injection_middleware - INFO - è¯·æ±‚è½¬å‘å®Œæˆ - çŠ¶æ€ç : 200, è€—æ—¶: 3.721ç§’
2025-02-06 21:04:28,555 - werkzeug - INFO - 127.0.0.1 - - [06/Feb/2025 21:04:28] "GET /products/1 HTTP/1.1" 200 -
2025-02-06 21:04:36,556 - sql_injection_middleware - INFO - æ”¶åˆ°æ–°è¯·æ±‚ - æ–¹æ³•: GET, URL: http://localhost:5000/products/search/'%20OR%20'1'='1
2025-02-06 21:04:36,557 - sql_injection_middleware - INFO - å¼€å§‹é¢„å¤„ç†å‚æ•°
2025-02-06 21:04:36,559 - sql_injection_middleware - INFO - å¸ƒéš†è¿‡æ»¤å™¨æ£€æµ‹åˆ°å¯ç–‘å‚æ•° [è€—æ—¶: 0.001s]
2025-02-06 21:04:36,593 - sql_injection_middleware.ml_detector - WARNING - æ£€æµ‹åˆ°SQLæ³¨å…¥æ”»å‡»
æ£€æµ‹å‚æ•°:
  - åŸå§‹è¯·æ±‚: {"param": "' OR '1'='1"}
  - é¢„å¤„ç†å: ' OR '1'='1
æ£€æµ‹ç»“æœ:
  - æ˜¯å¦æ³¨å…¥: True
  - ç½®ä¿¡åº¦: 60.00%
æ—¶é—´æ¶ˆè€—:
  - é¢„å¤„ç†: 0.000s
  - ç‰¹å¾æå–: 0.002s
  - æ¨¡å‹é¢„æµ‹: 0.032s
  - æ€»è€—æ—¶: 0.034s
2025-02-06 21:04:36,594 - sql_injection_middleware - WARNING - æœºå™¨å­¦ä¹ æ¨¡å‹ç¡®è®¤SQLæ³¨å…¥ [ç½®ä¿¡åº¦: 0.600, è€—æ—¶: 0.035s]
2025-02-06 21:04:36,595 - sql_injection_middleware - WARNING - æ£€æµ‹åˆ°SQLæ³¨å…¥æ”»å‡»: http://localhost:5000/products/search/'%20OR%20'1'='1, æ£€æµ‹è€—æ—¶: 0.037ç§’
2025-02-06 21:04:36,596 - werkzeug - INFO - 127.0.0.1 - - [06/Feb/2025 21:04:36] "[31m[1mGET /products/search/'%20OR%20'1'='1 HTTP/1.1[0m" 403 -
2025-02-06 21:04:38,165 - sql_injection_middleware - INFO - æ”¶åˆ°æ–°è¯·æ±‚ - æ–¹æ³•: GET, URL: http://localhost:5000/products/search/'%20OR%20'1'='1
2025-02-06 21:04:38,165 - sql_injection_middleware - INFO - å¼€å§‹é¢„å¤„ç†å‚æ•°
2025-02-06 21:04:38,167 - sql_injection_middleware - INFO - å¸ƒéš†è¿‡æ»¤å™¨æ£€æµ‹åˆ°å¯ç–‘å‚æ•° [è€—æ—¶: 0.001s]
2025-02-06 21:04:38,202 - sql_injection_middleware.ml_detector - WARNING - æ£€æµ‹åˆ°SQLæ³¨å…¥æ”»å‡»
æ£€æµ‹å‚æ•°:
  - åŸå§‹è¯·æ±‚: {"param": "' OR '1'='1"}
  - é¢„å¤„ç†å: ' OR '1'='1
æ£€æµ‹ç»“æœ:
  - æ˜¯å¦æ³¨å…¥: True
  - ç½®ä¿¡åº¦: 60.00%
æ—¶é—´æ¶ˆè€—:
  - é¢„å¤„ç†: 0.000s
  - ç‰¹å¾æå–: 0.003s
  - æ¨¡å‹é¢„æµ‹: 0.031s
  - æ€»è€—æ—¶: 0.034s
2025-02-06 21:04:38,202 - sql_injection_middleware - WARNING - æœºå™¨å­¦ä¹ æ¨¡å‹ç¡®è®¤SQLæ³¨å…¥ [ç½®ä¿¡åº¦: 0.600, è€—æ—¶: 0.034s]
2025-02-06 21:04:38,203 - sql_injection_middleware - WARNING - æ£€æµ‹åˆ°SQLæ³¨å…¥æ”»å‡»: http://localhost:5000/products/search/'%20OR%20'1'='1, æ£€æµ‹è€—æ—¶: 0.037ç§’
2025-02-06 21:04:38,204 - werkzeug - INFO - 127.0.0.1 - - [06/Feb/2025 21:04:38] "[31m[1mGET /products/search/'%20OR%20'1'='1 HTTP/1.1[0m" 403 -
2025-02-06 21:04:40,805 - sql_injection_middleware - INFO - æ”¶åˆ°æ–°è¯·æ±‚ - æ–¹æ³•: GET, URL: http://localhost:5000/products/unsafe-search/'%20OR%20'1'='1
2025-02-06 21:04:40,806 - sql_injection_middleware - INFO - å¼€å§‹é¢„å¤„ç†å‚æ•°
2025-02-06 21:04:40,811 - sql_injection_middleware - INFO - å¸ƒéš†è¿‡æ»¤å™¨æ£€æµ‹åˆ°å¯ç–‘å‚æ•° [è€—æ—¶: 0.001s]
2025-02-06 21:04:40,846 - sql_injection_middleware.ml_detector - WARNING - æ£€æµ‹åˆ°SQLæ³¨å…¥æ”»å‡»
æ£€æµ‹å‚æ•°:
  - åŸå§‹è¯·æ±‚: {"param": "' OR '1'='1"}
  - é¢„å¤„ç†å: ' OR '1'='1
æ£€æµ‹ç»“æœ:
  - æ˜¯å¦æ³¨å…¥: True
  - ç½®ä¿¡åº¦: 60.00%
æ—¶é—´æ¶ˆè€—:
  - é¢„å¤„ç†: 0.000s
  - ç‰¹å¾æå–: 0.003s
  - æ¨¡å‹é¢„æµ‹: 0.031s
  - æ€»è€—æ—¶: 0.034s
2025-02-06 21:04:40,846 - sql_injection_middleware - WARNING - æœºå™¨å­¦ä¹ æ¨¡å‹ç¡®è®¤SQLæ³¨å…¥ [ç½®ä¿¡åº¦: 0.600, è€—æ—¶: 0.035s]
2025-02-06 21:04:40,847 - sql_injection_middleware - WARNING - æ£€æµ‹åˆ°SQLæ³¨å…¥æ”»å‡»: http://localhost:5000/products/unsafe-search/'%20OR%20'1'='1, æ£€æµ‹è€—æ—¶: 0.041ç§’
2025-02-06 21:04:40,848 - werkzeug - INFO - 127.0.0.1 - - [06/Feb/2025 21:04:40] "[31m[1mGET /products/unsafe-search/'%20OR%20'1'='1 HTTP/1.1[0m" 403 -
2025-02-06 21:05:15,958 - sql_injection_middleware - INFO - æ”¶åˆ°æ–°è¯·æ±‚ - æ–¹æ³•: GET, URL: http://localhost:5000/products/unsafe-search/'%20OR%20'1'='1
2025-02-06 21:05:15,958 - sql_injection_middleware - INFO - å¼€å§‹é¢„å¤„ç†å‚æ•°
2025-02-06 21:05:15,959 - sql_injection_middleware - INFO - å¸ƒéš†è¿‡æ»¤å™¨æ£€æµ‹åˆ°å¯ç–‘å‚æ•° [è€—æ—¶: 0.000s]
2025-02-06 21:05:15,993 - sql_injection_middleware.ml_detector - WARNING - æ£€æµ‹åˆ°SQLæ³¨å…¥æ”»å‡»
æ£€æµ‹å‚æ•°:
  - åŸå§‹è¯·æ±‚: {"param": "' OR '1'='1"}
  - é¢„å¤„ç†å: ' OR '1'='1
æ£€æµ‹ç»“æœ:
  - æ˜¯å¦æ³¨å…¥: True
  - ç½®ä¿¡åº¦: 60.00%
æ—¶é—´æ¶ˆè€—:
  - é¢„å¤„ç†: 0.000s
  - ç‰¹å¾æå–: 0.002s
  - æ¨¡å‹é¢„æµ‹: 0.032s
  - æ€»è€—æ—¶: 0.034s
2025-02-06 21:05:15,994 - sql_injection_middleware - WARNING - æœºå™¨å­¦ä¹ æ¨¡å‹ç¡®è®¤SQLæ³¨å…¥ [ç½®ä¿¡åº¦: 0.600, è€—æ—¶: 0.035s]
2025-02-06 21:05:15,994 - sql_injection_middleware - WARNING - æ£€æµ‹åˆ°SQLæ³¨å…¥æ”»å‡»: http://localhost:5000/products/unsafe-search/'%20OR%20'1'='1, æ£€æµ‹è€—æ—¶: 0.036ç§’
2025-02-06 21:05:15,995 - werkzeug - INFO - 127.0.0.1 - - [06/Feb/2025 21:05:15] "[31m[1mGET /products/unsafe-search/'%20OR%20'1'='1 HTTP/1.1[0m" 403 -
2025-02-06 21:05:46,525 - sql_injection_middleware - INFO - æ”¶åˆ°æ–°è¯·æ±‚ - æ–¹æ³•: GET, URL: http://localhost:5000/products/unsafe-search/'%20OR%20'1'='1
2025-02-06 21:05:46,525 - sql_injection_middleware - INFO - å¼€å§‹é¢„å¤„ç†å‚æ•°
2025-02-06 21:05:46,527 - sql_injection_middleware - INFO - å¸ƒéš†è¿‡æ»¤å™¨æ£€æµ‹åˆ°å¯ç–‘å‚æ•° [è€—æ—¶: 0.001s]
2025-02-06 21:05:46,561 - sql_injection_middleware.ml_detector - WARNING - æ£€æµ‹åˆ°SQLæ³¨å…¥æ”»å‡»
æ£€æµ‹å‚æ•°:
  - åŸå§‹è¯·æ±‚: {"param": "' OR '1'='1"}
  - é¢„å¤„ç†å: ' OR '1'='1
æ£€æµ‹ç»“æœ:
  - æ˜¯å¦æ³¨å…¥: True
  - ç½®ä¿¡åº¦: 60.00%
æ—¶é—´æ¶ˆè€—:
  - é¢„å¤„ç†: 0.000s
  - ç‰¹å¾æå–: 0.004s
  - æ¨¡å‹é¢„æµ‹: 0.030s
  - æ€»è€—æ—¶: 0.033s
2025-02-06 21:05:46,562 - sql_injection_middleware - WARNING - æœºå™¨å­¦ä¹ æ¨¡å‹ç¡®è®¤SQLæ³¨å…¥ [ç½®ä¿¡åº¦: 0.600, è€—æ—¶: 0.034s]
2025-02-06 21:05:46,563 - sql_injection_middleware - WARNING - æ£€æµ‹åˆ°SQLæ³¨å…¥æ”»å‡»: http://localhost:5000/products/unsafe-search/'%20OR%20'1'='1, æ£€æµ‹è€—æ—¶: 0.037ç§’
2025-02-06 21:05:46,563 - werkzeug - INFO - 127.0.0.1 - - [06/Feb/2025 21:05:46] "[31m[1mGET /products/unsafe-search/'%20OR%20'1'='1 HTTP/1.1[0m" 403 -
2025-02-06 21:06:07,879 - sql_injection_middleware - INFO - æ”¶åˆ°æ–°è¯·æ±‚ - æ–¹æ³•: GET, URL: http://localhost:5000/products/1
2025-02-06 21:06:07,879 - sql_injection_middleware - INFO - å¼€å§‹é¢„å¤„ç†å‚æ•°
2025-02-06 21:06:07,881 - sql_injection_middleware - INFO - SQLæ³¨å…¥æ£€æµ‹å®Œæˆ [æ€»è€—æ—¶: 0.002s]
2025-02-06 21:06:07,881 - sql_injection_middleware - INFO - SQLæ³¨å…¥æ£€æµ‹é€šè¿‡ï¼Œæ£€æµ‹è€—æ—¶: 0.002ç§’
2025-02-06 21:06:10,420 - sql_injection_middleware - INFO - è¯·æ±‚è½¬å‘å®Œæˆ - çŠ¶æ€ç : 200, è€—æ—¶: 2.538ç§’
2025-02-06 21:06:10,421 - werkzeug - INFO - 127.0.0.1 - - [06/Feb/2025 21:06:10] "GET /products/1 HTTP/1.1" 200 -
